# JRE version: OpenJDK Runtime Environment Temurin-21.0.10+7 (21.0.10+7) (build 21.0.10+7-LTS)
# Java VM: OpenJDK 64-Bit Server VM Temurin-21.0.10+7 (21.0.10+7-LTS, mixed mode, sharing, tiered, compressed oops, compressed class ptrs, parallel gc, windows-amd64)
GC Precious Log:
 CardTable entry size: 512
 CPUs: 8 total, 8 available
 Memory: 7865M
 Large Page Support: Disabled
 NUMA Support: Disabled
 Compressed Oops: Enabled (32-bit)
 Alignments: Space 512K, Generation 512K, Heap 2M
 Heap Min Capacity: 100M
 Heap Initial Capacity: 100M
 Heap Max Capacity: 2G
 Pre-touch: Disabled
 Parallel Workers: 8
Heap:
 PSYoungGen      total 11776K, used 11760K [0x00000000d5580000, 0x00000000d6480000, 0x0000000100000000)
  eden space 9728K, 100% used [0x00000000d5580000,0x00000000d5f00000,0x00000000d5f00000)
  from space 2048K, 99% used [0x00000000d6280000,0x00000000d647c308,0x00000000d6480000)
  to   space 2560K, 8% used [0x00000000d5f80000,0x00000000d5fb8000,0x00000000d6200000)
 ParOldGen       total 101888K, used 101885K [0x0000000080000000, 0x0000000086380000, 0x00000000d5580000)
  object space 101888K, 99% used [0x0000000080000000,0x000000008637f498,0x0000000086380000)
 Metaspace       used 81151K, committed 82944K, reserved 1179648K
  class space    used 9823K, committed 10624K, reserved 1048576K
GC Heap History (20 events):
Event: 82.485 GC heap before
{Heap before GC invocations=116 (full 3):
 PSYoungGen      total 10240K, used 10208K [0x00000000d5580000, 0x00000000d6200000, 0x0000000100000000)
  eden space 9728K, 100% used [0x00000000d5580000,0x00000000d5f00000,0x00000000d5f00000)
  from space 512K, 93% used [0x00000000d6180000,0x00000000d61f8000,0x00000000d6200000)
  to   space 1024K, 0% used [0x00000000d6000000,0x00000000d6000000,0x00000000d6100000)
 ParOldGen       total 95232K, used 94826K [0x0000000080000000, 0x0000000085d00000, 0x00000000d5580000)
  object space 95232K, 99% used [0x0000000080000000,0x0000000085c9a8e8,0x0000000085d00000)
 Metaspace       used 80200K, committed 81984K, reserved 1179648K
  class space    used 9786K, committed 10560K, reserved 1048576K
}
Event: 82.487 GC heap after
{Heap after GC invocations=116 (full 3):
 PSYoungGen      total 10752K, used 544K [0x00000000d5580000, 0x00000000d6200000, 0x0000000100000000)
  eden space 9728K, 0% used [0x00000000d5580000,0x00000000d5580000,0x00000000d5f00000)
  from space 1024K, 53% used [0x00000000d6000000,0x00000000d6088000,0x00000000d6100000)
  to   space 1024K, 0% used [0x00000000d6100000,0x00000000d6100000,0x00000000d6200000)
 ParOldGen       total 95744K, used 95239K [0x0000000080000000, 0x0000000085d80000, 0x00000000d5580000)
  object space 95744K, 99% used [0x0000000080000000,0x0000000085d01c40,0x0000000085d80000)
 Metaspace       used 80200K, committed 81984K, reserved 1179648K
  class space    used 9786K, committed 10560K, reserved 1048576K
}
Event: 82.531 GC heap before
{Heap before GC invocations=117 (full 3):
 PSYoungGen      total 10752K, used 10272K [0x00000000d5580000, 0x00000000d6200000, 0x0000000100000000)
  eden space 9728K, 100% used [0x00000000d5580000,0x00000000d5f00000,0x00000000d5f00000)
  from space 1024K, 53% used [0x00000000d6000000,0x00000000d6088000,0x00000000d6100000)
  to   space 1024K, 0% used [0x00000000d6100000,0x00000000d6100000,0x00000000d6200000)
 ParOldGen       total 95744K, used 95239K [0x0000000080000000, 0x0000000085d80000, 0x00000000d5580000)
  object space 95744K, 99% used [0x0000000080000000,0x0000000085d01c40,0x0000000085d80000)
 Metaspace       used 80320K, committed 82048K, reserved 1179648K
  class space    used 9789K, committed 10560K, reserved 1048576K
}
Event: 82.532 GC heap after
{Heap after GC invocations=117 (full 3):
 PSYoungGen      total 10752K, used 695K [0x00000000d5580000, 0x00000000d6200000, 0x0000000100000000)
  eden space 9728K, 0% used [0x00000000d5580000,0x00000000d5580000,0x00000000d5f00000)
  from space 1024K, 67% used [0x00000000d6100000,0x00000000d61adf00,0x00000000d6200000)
  to   space 1024K, 0% used [0x00000000d6000000,0x00000000d6000000,0x00000000d6100000)
 ParOldGen       total 95744K, used 95665K [0x0000000080000000, 0x0000000085d80000, 0x00000000d5580000)
  object space 95744K, 99% used [0x0000000080000000,0x0000000085d6c6d0,0x0000000085d80000)
 Metaspace       used 80320K, committed 82048K, reserved 1179648K
  class space    used 9789K, committed 10560K, reserved 1048576K
}
Event: 82.594 GC heap before
{Heap before GC invocations=118 (full 3):
 PSYoungGen      total 10752K, used 10423K [0x00000000d5580000, 0x00000000d6200000, 0x0000000100000000)
  eden space 9728K, 100% used [0x00000000d5580000,0x00000000d5f00000,0x00000000d5f00000)
  from space 1024K, 67% used [0x00000000d6100000,0x00000000d61adf00,0x00000000d6200000)
  to   space 1024K, 0% used [0x00000000d6000000,0x00000000d6000000,0x00000000d6100000)
 ParOldGen       total 95744K, used 95665K [0x0000000080000000, 0x0000000085d80000, 0x00000000d5580000)
  object space 95744K, 99% used [0x0000000080000000,0x0000000085d6c6d0,0x0000000085d80000)
 Metaspace       used 80368K, committed 82112K, reserved 1179648K
  class space    used 9789K, committed 10560K, reserved 1048576K
}
Event: 82.596 GC heap after
{Heap after GC invocations=118 (full 3):
 PSYoungGen      total 10752K, used 624K [0x00000000d5580000, 0x00000000d6180000, 0x0000000100000000)
  eden space 9728K, 0% used [0x00000000d5580000,0x00000000d5580000,0x00000000d5f00000)
  from space 1024K, 60% used [0x00000000d6000000,0x00000000d609c010,0x00000000d6100000)
  to   space 512K, 0% used [0x00000000d6100000,0x00000000d6100000,0x00000000d6180000)
 ParOldGen       total 96256K, used 96185K [0x0000000080000000, 0x0000000085e00000, 0x00000000d5580000)
  object space 96256K, 99% used [0x0000000080000000,0x0000000085dee5f0,0x0000000085e00000)
 Metaspace       used 80368K, committed 82112K, reserved 1179648K
  class space    used 9789K, committed 10560K, reserved 1048576K
}
Event: 82.621 GC heap before
{Heap before GC invocations=119 (full 3):
 PSYoungGen      total 10752K, used 10352K [0x00000000d5580000, 0x00000000d6180000, 0x0000000100000000)
  eden space 9728K, 100% used [0x00000000d5580000,0x00000000d5f00000,0x00000000d5f00000)
  from space 1024K, 60% used [0x00000000d6000000,0x00000000d609c010,0x00000000d6100000)
  to   space 512K, 0% used [0x00000000d6100000,0x00000000d6100000,0x00000000d6180000)
 ParOldGen       total 96256K, used 96185K [0x0000000080000000, 0x0000000085e00000, 0x00000000d5580000)
  object space 96256K, 99% used [0x0000000080000000,0x0000000085dee5f0,0x0000000085e00000)
 Metaspace       used 80389K, committed 82112K, reserved 1179648K
  class space    used 9789K, committed 10560K, reserved 1048576K
}
Event: 82.623 GC heap after
{Heap after GC invocations=119 (full 3):
 PSYoungGen      total 10240K, used 384K [0x00000000d5580000, 0x00000000d6180000, 0x0000000100000000)
  eden space 9728K, 0% used [0x00000000d5580000,0x00000000d5580000,0x00000000d5f00000)
  from space 512K, 75% used [0x00000000d6100000,0x00000000d6160020,0x00000000d6180000)
  to   space 512K, 0% used [0x00000000d6080000,0x00000000d6080000,0x00000000d6100000)
 ParOldGen       total 96768K, used 96681K [0x0000000080000000, 0x0000000085e80000, 0x00000000d5580000)
  object space 96768K, 99% used [0x0000000080000000,0x0000000085e6a650,0x0000000085e80000)
 Metaspace       used 80389K, committed 82112K, reserved 1179648K
  class space    used 9789K, committed 10560K, reserved 1048576K
}
Event: 82.653 GC heap before
{Heap before GC invocations=120 (full 3):
 PSYoungGen      total 10240K, used 10112K [0x00000000d5580000, 0x00000000d6180000, 0x0000000100000000)
  eden space 9728K, 100% used [0x00000000d5580000,0x00000000d5f00000,0x00000000d5f00000)
  from space 512K, 75% used [0x00000000d6100000,0x00000000d6160020,0x00000000d6180000)
  to   space 512K, 0% used [0x00000000d6080000,0x00000000d6080000,0x00000000d6100000)
 ParOldGen       total 96768K, used 96681K [0x0000000080000000, 0x0000000085e80000, 0x00000000d5580000)
  object space 96768K, 99% used [0x0000000080000000,0x0000000085e6a650,0x0000000085e80000)
 Metaspace       used 80405K, committed 82176K, reserved 1179648K
  class space    used 9789K, committed 10560K, reserved 1048576K
}
Event: 82.655 GC heap after
{Heap after GC invocations=120 (full 3):
 PSYoungGen      total 10240K, used 438K [0x00000000d5580000, 0x00000000d6180000, 0x0000000100000000)
  eden space 9728K, 0% used [0x00000000d5580000,0x00000000d5580000,0x00000000d5f00000)
  from space 512K, 85% used [0x00000000d6080000,0x00000000d60ed998,0x00000000d6100000)
  to   space 512K, 0% used [0x00000000d6100000,0x00000000d6100000,0x00000000d6180000)
 ParOldGen       total 97280K, used 96969K [0x0000000080000000, 0x0000000085f00000, 0x00000000d5580000)
  object space 97280K, 99% used [0x0000000080000000,0x0000000085eb2670,0x0000000085f00000)
 Metaspace       used 80405K, committed 82176K, reserved 1179648K
  class space    used 9789K, committed 10560K, reserved 1048576K
}
Event: 82.672 GC heap before
{Heap before GC invocations=121 (full 3):
 PSYoungGen      total 10240K, used 10166K [0x00000000d5580000, 0x00000000d6180000, 0x0000000100000000)
  eden space 9728K, 100% used [0x00000000d5580000,0x00000000d5f00000,0x00000000d5f00000)
  from space 512K, 85% used [0x00000000d6080000,0x00000000d60ed998,0x00000000d6100000)
  to   space 512K, 0% used [0x00000000d6100000,0x00000000d6100000,0x00000000d6180000)
 ParOldGen       total 97280K, used 96969K [0x0000000080000000, 0x0000000085f00000, 0x00000000d5580000)
  object space 97280K, 99% used [0x0000000080000000,0x0000000085eb2670,0x0000000085f00000)
 Metaspace       used 80411K, committed 82176K, reserved 1179648K
  class space    used 9789K, committed 10560K, reserved 1048576K
}
Event: 82.674 GC heap after
{Heap after GC invocations=121 (full 3):
 PSYoungGen      total 10240K, used 448K [0x00000000d5580000, 0x00000000d6180000, 0x0000000100000000)
  eden space 9728K, 0% used [0x00000000d5580000,0x00000000d5580000,0x00000000d5f00000)
  from space 512K, 87% used [0x00000000d6100000,0x00000000d6170000,0x00000000d6180000)
  to   space 512K, 0% used [0x00000000d6080000,0x00000000d6080000,0x00000000d6100000)
 ParOldGen       total 97280K, used 97198K [0x0000000080000000, 0x0000000085f00000, 0x00000000d5580000)
  object space 97280K, 99% used [0x0000000080000000,0x0000000085eebb88,0x0000000085f00000)
 Metaspace       used 80411K, committed 82176K, reserved 1179648K
  class space    used 9789K, committed 10560K, reserved 1048576K
}
Event: 82.723 GC heap before
{Heap before GC invocations=122 (full 3):
 PSYoungGen      total 10240K, used 10176K [0x00000000d5580000, 0x00000000d6180000, 0x0000000100000000)
  eden space 9728K, 100% used [0x00000000d5580000,0x00000000d5f00000,0x00000000d5f00000)
  from space 512K, 87% used [0x00000000d6100000,0x00000000d6170000,0x00000000d6180000)
  to   space 512K, 0% used [0x00000000d6080000,0x00000000d6080000,0x00000000d6100000)
 ParOldGen       total 97280K, used 97198K [0x0000000080000000, 0x0000000085f00000, 0x00000000d5580000)
  object space 97280K, 99% used [0x0000000080000000,0x0000000085eebb88,0x0000000085f00000)
 Metaspace       used 80440K, committed 82176K, reserved 1179648K
  class space    used 9790K, committed 10560K, reserved 1048576K
}
Event: 82.725 GC heap after
{Heap after GC invocations=122 (full 3):
 PSYoungGen      total 10240K, used 512K [0x00000000d5580000, 0x00000000d6200000, 0x0000000100000000)
  eden space 9728K, 0% used [0x00000000d5580000,0x00000000d5580000,0x00000000d5f00000)
  from space 512K, 100% used [0x00000000d6080000,0x00000000d6100000,0x00000000d6100000)
  to   space 1024K, 0% used [0x00000000d6100000,0x00000000d6100000,0x00000000d6200000)
 ParOldGen       total 98304K, used 97943K [0x0000000080000000, 0x0000000086000000, 0x00000000d5580000)
  object space 98304K, 99% used [0x0000000080000000,0x0000000085fa5c08,0x0000000086000000)
 Metaspace       used 80440K, committed 82176K, reserved 1179648K
  class space    used 9790K, committed 10560K, reserved 1048576K
}
Event: 82.784 GC heap before
{Heap before GC invocations=123 (full 3):
 PSYoungGen      total 10240K, used 10240K [0x00000000d5580000, 0x00000000d6200000, 0x0000000100000000)
  eden space 9728K, 100% used [0x00000000d5580000,0x00000000d5f00000,0x00000000d5f00000)
  from space 512K, 100% used [0x00000000d6080000,0x00000000d6100000,0x00000000d6100000)
  to   space 1024K, 0% used [0x00000000d6100000,0x00000000d6100000,0x00000000d6200000)
 ParOldGen       total 98304K, used 97943K [0x0000000080000000, 0x0000000086000000, 0x00000000d5580000)
  object space 98304K, 99% used [0x0000000080000000,0x0000000085fa5c08,0x0000000086000000)
 Metaspace       used 80492K, committed 82304K, reserved 1179648K
  class space    used 9792K, committed 10624K, reserved 1048576K
}
Event: 82.787 GC heap after
{Heap after GC invocations=123 (full 3):
 PSYoungGen      total 10752K, used 997K [0x00000000d5580000, 0x00000000d6300000, 0x0000000100000000)
  eden space 9728K, 0% used [0x00000000d5580000,0x00000000d5580000,0x00000000d5f00000)
  from space 1024K, 97% used [0x00000000d6100000,0x00000000d61f9670,0x00000000d6200000)
  to   space 2048K, 0% used [0x00000000d5f00000,0x00000000d5f00000,0x00000000d6100000)
 ParOldGen       total 98816K, used 98593K [0x0000000080000000, 0x0000000086080000, 0x00000000d5580000)
  object space 98816K, 99% used [0x0000000080000000,0x0000000086048748,0x0000000086080000)
 Metaspace       used 80492K, committed 82304K, reserved 1179648K
  class space    used 9792K, committed 10624K, reserved 1048576K
}
Event: 82.964 GC heap before
{Heap before GC invocations=124 (full 3):
 PSYoungGen      total 10752K, used 10725K [0x00000000d5580000, 0x00000000d6300000, 0x0000000100000000)
  eden space 9728K, 100% used [0x00000000d5580000,0x00000000d5f00000,0x00000000d5f00000)
  from space 1024K, 97% used [0x00000000d6100000,0x00000000d61f9670,0x00000000d6200000)
  to   space 2048K, 0% used [0x00000000d5f00000,0x00000000d5f00000,0x00000000d6100000)
 ParOldGen       total 98816K, used 98593K [0x0000000080000000, 0x0000000086080000, 0x00000000d5580000)
  object space 98816K, 99% used [0x0000000080000000,0x0000000086048748,0x0000000086080000)
 Metaspace       used 80762K, committed 82624K, reserved 1179648K
  class space    used 9797K, committed 10624K, reserved 1048576K
}
Event: 82.968 GC heap after
{Heap after GC invocations=124 (full 3):
 PSYoungGen      total 11776K, used 2048K [0x00000000d5580000, 0x00000000d6600000, 0x0000000100000000)
  eden space 9728K, 0% used [0x00000000d5580000,0x00000000d5580000,0x00000000d5f00000)
  from space 2048K, 100% used [0x00000000d5f00000,0x00000000d6100000,0x00000000d6100000)
  to   space 3584K, 0% used [0x00000000d6280000,0x00000000d6280000,0x00000000d6600000)
 ParOldGen       total 99840K, used 99662K [0x0000000080000000, 0x0000000086180000, 0x00000000d5580000)
  object space 99840K, 99% used [0x0000000080000000,0x0000000086153ae0,0x0000000086180000)
 Metaspace       used 80762K, committed 82624K, reserved 1179648K
  class space    used 9797K, committed 10624K, reserved 1048576K
}
Event: 83.397 GC heap before
{Heap before GC invocations=125 (full 3):
 PSYoungGen      total 11776K, used 11776K [0x00000000d5580000, 0x00000000d6600000, 0x0000000100000000)
  eden space 9728K, 100% used [0x00000000d5580000,0x00000000d5f00000,0x00000000d5f00000)
  from space 2048K, 100% used [0x00000000d5f00000,0x00000000d6100000,0x00000000d6100000)
  to   space 3584K, 0% used [0x00000000d6280000,0x00000000d6280000,0x00000000d6600000)
 ParOldGen       total 99840K, used 99664K [0x0000000080000000, 0x0000000086180000, 0x00000000d5580000)
  object space 99840K, 99% used [0x0000000080000000,0x00000000861541d0,0x0000000086180000)
 Metaspace       used 80880K, committed 82688K, reserved 1179648K
  class space    used 9809K, committed 10624K, reserved 1048576K
}
Event: 83.402 GC heap after
{Heap after GC invocations=125 (full 3):
 PSYoungGen      total 11776K, used 2032K [0x00000000d5580000, 0x00000000d6480000, 0x0000000100000000)
  eden space 9728K, 0% used [0x00000000d5580000,0x00000000d5580000,0x00000000d5f00000)
  from space 2048K, 99% used [0x00000000d6280000,0x00000000d647c308,0x00000000d6480000)
  to   space 2560K, 0% used [0x00000000d5f80000,0x00000000d5f80000,0x00000000d6200000)
 ParOldGen       total 101888K, used 101668K [0x0000000080000000, 0x0000000086380000, 0x00000000d5580000)
  object space 101888K, 99% used [0x0000000080000000,0x0000000086349240,0x0000000086380000)
 Metaspace       used 80880K, committed 82688K, reserved 1179648K
  class space    used 9809K, committed 10624K, reserved 1048576K
}

