# JRE version: OpenJDK Runtime Environment Temurin-21.0.10+7 (21.0.10+7) (build 21.0.10+7-LTS)
# Java VM: OpenJDK 64-Bit Server VM Temurin-21.0.10+7 (21.0.10+7-LTS, mixed mode, sharing, tiered, compressed oops, compressed class ptrs, parallel gc, windows-amd64)
GC Precious Log:
 CardTable entry size: 512
 CPUs: 8 total, 8 available
 Memory: 7865M
 Large Page Support: Disabled
 NUMA Support: Disabled
 Compressed Oops: Enabled (32-bit)
 Alignments: Space 512K, Generation 512K, Heap 2M
 Heap Min Capacity: 100M
 Heap Initial Capacity: 100M
 Heap Max Capacity: 2G
 Pre-touch: Disabled
 Parallel Workers: 8
Heap:
 PSYoungGen      total 12288K, used 2168K [0x00000000d5580000, 0x00000000d6a00000, 0x0000000100000000)
  eden space 11264K, 11% used [0x00000000d5580000,0x00000000d56ce268,0x00000000d6080000)
  from space 1024K, 81% used [0x00000000d6900000,0x00000000d69d0020,0x00000000d6a00000)
  to   space 1024K, 0% used [0x00000000d6800000,0x00000000d6800000,0x00000000d6900000)
 ParOldGen       total 68608K, used 66598K [0x0000000080000000, 0x0000000084300000, 0x00000000d5580000)
  object space 68608K, 97% used [0x0000000080000000,0x0000000084109ab8,0x0000000084300000)
 Metaspace       used 57677K, committed 59008K, reserved 1114112K
  class space    used 6068K, committed 6656K, reserved 1048576K
GC Heap History (20 events):
Event: 10.455 GC heap before
{Heap before GC invocations=30 (full 2):
 PSYoungGen      total 22016K, used 21851K [0x00000000d5580000, 0x00000000d6d80000, 0x0000000100000000)
  eden space 20992K, 100% used [0x00000000d5580000,0x00000000d6a00000,0x00000000d6a00000)
  from space 1024K, 83% used [0x00000000d6a80000,0x00000000d6b56e98,0x00000000d6b80000)
  to   space 1536K, 0% used [0x00000000d6c00000,0x00000000d6c00000,0x00000000d6d80000)
 ParOldGen       total 68608K, used 38879K [0x0000000080000000, 0x0000000084300000, 0x00000000d5580000)
  object space 68608K, 56% used [0x0000000080000000,0x00000000825f7e10,0x0000000084300000)
 Metaspace       used 52104K, committed 53504K, reserved 1114112K
  class space    used 5650K, committed 6272K, reserved 1048576K
}
Event: 10.456 GC heap after
{Heap after GC invocations=30 (full 2):
 PSYoungGen      total 22016K, used 963K [0x00000000d5580000, 0x00000000d6d00000, 0x0000000100000000)
  eden space 20992K, 0% used [0x00000000d5580000,0x00000000d5580000,0x00000000d6a00000)
  from space 1024K, 94% used [0x00000000d6c00000,0x00000000d6cf0e30,0x00000000d6d00000)
  to   space 1024K, 0% used [0x00000000d6a80000,0x00000000d6a80000,0x00000000d6b80000)
 ParOldGen       total 68608K, used 39659K [0x0000000080000000, 0x0000000084300000, 0x00000000d5580000)
  object space 68608K, 57% used [0x0000000080000000,0x00000000826baec8,0x0000000084300000)
 Metaspace       used 52104K, committed 53504K, reserved 1114112K
  class space    used 5650K, committed 6272K, reserved 1048576K
}
Event: 10.702 GC heap before
{Heap before GC invocations=31 (full 2):
 PSYoungGen      total 22016K, used 21955K [0x00000000d5580000, 0x00000000d6d00000, 0x0000000100000000)
  eden space 20992K, 100% used [0x00000000d5580000,0x00000000d6a00000,0x00000000d6a00000)
  from space 1024K, 94% used [0x00000000d6c00000,0x00000000d6cf0e30,0x00000000d6d00000)
  to   space 1024K, 0% used [0x00000000d6a80000,0x00000000d6a80000,0x00000000d6b80000)
 ParOldGen       total 68608K, used 39659K [0x0000000080000000, 0x0000000084300000, 0x00000000d5580000)
  object space 68608K, 57% used [0x0000000080000000,0x00000000826baec8,0x0000000084300000)
 Metaspace       used 53162K, committed 54528K, reserved 1114112K
  class space    used 5728K, committed 6336K, reserved 1048576K
}
Event: 10.705 GC heap after
{Heap after GC invocations=31 (full 2):
 PSYoungGen      total 22016K, used 1015K [0x00000000d5580000, 0x00000000d7800000, 0x0000000100000000)
  eden space 20992K, 0% used [0x00000000d5580000,0x00000000d5580000,0x00000000d6a00000)
  from space 1024K, 99% used [0x00000000d6a80000,0x00000000d6b7de08,0x00000000d6b80000)
  to   space 7168K, 0% used [0x00000000d7100000,0x00000000d7100000,0x00000000d7800000)
 ParOldGen       total 68608K, used 44502K [0x0000000080000000, 0x0000000084300000, 0x00000000d5580000)
  object space 68608K, 64% used [0x0000000080000000,0x0000000082b75ba0,0x0000000084300000)
 Metaspace       used 53162K, committed 54528K, reserved 1114112K
  class space    used 5728K, committed 6336K, reserved 1048576K
}
Event: 10.832 GC heap before
{Heap before GC invocations=32 (full 2):
 PSYoungGen      total 22016K, used 22007K [0x00000000d5580000, 0x00000000d7800000, 0x0000000100000000)
  eden space 20992K, 100% used [0x00000000d5580000,0x00000000d6a00000,0x00000000d6a00000)
  from space 1024K, 99% used [0x00000000d6a80000,0x00000000d6b7de08,0x00000000d6b80000)
  to   space 7168K, 0% used [0x00000000d7100000,0x00000000d7100000,0x00000000d7800000)
 ParOldGen       total 68608K, used 44502K [0x0000000080000000, 0x0000000084300000, 0x00000000d5580000)
  object space 68608K, 64% used [0x0000000080000000,0x0000000082b75ba0,0x0000000084300000)
 Metaspace       used 53464K, committed 54784K, reserved 1114112K
  class space    used 5748K, committed 6336K, reserved 1048576K
}
Event: 10.834 GC heap after
{Heap after GC invocations=32 (full 2):
 PSYoungGen      total 23040K, used 1604K [0x00000000d5580000, 0x00000000d7300000, 0x0000000100000000)
  eden space 20992K, 0% used [0x00000000d5580000,0x00000000d5580000,0x00000000d6a00000)
  from space 2048K, 78% used [0x00000000d7100000,0x00000000d7291360,0x00000000d7300000)
  to   space 3584K, 0% used [0x00000000d6c00000,0x00000000d6c00000,0x00000000d6f80000)
 ParOldGen       total 68608K, used 45514K [0x0000000080000000, 0x0000000084300000, 0x00000000d5580000)
  object space 68608K, 66% used [0x0000000080000000,0x0000000082c72b98,0x0000000084300000)
 Metaspace       used 53464K, committed 54784K, reserved 1114112K
  class space    used 5748K, committed 6336K, reserved 1048576K
}
Event: 10.955 GC heap before
{Heap before GC invocations=33 (full 2):
 PSYoungGen      total 23040K, used 22596K [0x00000000d5580000, 0x00000000d7300000, 0x0000000100000000)
  eden space 20992K, 100% used [0x00000000d5580000,0x00000000d6a00000,0x00000000d6a00000)
  from space 2048K, 78% used [0x00000000d7100000,0x00000000d7291360,0x00000000d7300000)
  to   space 3584K, 0% used [0x00000000d6c00000,0x00000000d6c00000,0x00000000d6f80000)
 ParOldGen       total 68608K, used 45514K [0x0000000080000000, 0x0000000084300000, 0x00000000d5580000)
  object space 68608K, 66% used [0x0000000080000000,0x0000000082c72b98,0x0000000084300000)
 Metaspace       used 54479K, committed 55808K, reserved 1114112K
  class space    used 5833K, committed 6400K, reserved 1048576K
}
Event: 10.957 GC heap after
{Heap after GC invocations=33 (full 2):
 PSYoungGen      total 24576K, used 320K [0x00000000d5580000, 0x00000000d7180000, 0x0000000100000000)
  eden space 20992K, 0% used [0x00000000d5580000,0x00000000d5580000,0x00000000d6a00000)
  from space 3584K, 8% used [0x00000000d6c00000,0x00000000d6c50000,0x00000000d6f80000)
  to   space 1536K, 0% used [0x00000000d7000000,0x00000000d7000000,0x00000000d7180000)
 ParOldGen       total 68608K, used 45594K [0x0000000080000000, 0x0000000084300000, 0x00000000d5580000)
  object space 68608K, 66% used [0x0000000080000000,0x0000000082c86b98,0x0000000084300000)
 Metaspace       used 54479K, committed 55808K, reserved 1114112K
  class space    used 5833K, committed 6400K, reserved 1048576K
}
Event: 11.425 GC heap before
{Heap before GC invocations=34 (full 2):
 PSYoungGen      total 24576K, used 21051K [0x00000000d5580000, 0x00000000d7180000, 0x0000000100000000)
  eden space 20992K, 98% used [0x00000000d5580000,0x00000000d69bedc0,0x00000000d6a00000)
  from space 3584K, 8% used [0x00000000d6c00000,0x00000000d6c50000,0x00000000d6f80000)
  to   space 1536K, 0% used [0x00000000d7000000,0x00000000d7000000,0x00000000d7180000)
 ParOldGen       total 68608K, used 45594K [0x0000000080000000, 0x0000000084300000, 0x00000000d5580000)
  object space 68608K, 66% used [0x0000000080000000,0x0000000082c86b98,0x0000000084300000)
 Metaspace       used 55164K, committed 56512K, reserved 1114112K
  class space    used 5884K, committed 6464K, reserved 1048576K
}
Event: 11.428 GC heap after
{Heap after GC invocations=34 (full 2):
 PSYoungGen      total 22528K, used 1524K [0x00000000d5580000, 0x00000000d7600000, 0x0000000100000000)
  eden space 20992K, 0% used [0x00000000d5580000,0x00000000d5580000,0x00000000d6a00000)
  from space 1536K, 99% used [0x00000000d7000000,0x00000000d717d030,0x00000000d7180000)
  to   space 6144K, 0% used [0x00000000d6a00000,0x00000000d6a00000,0x00000000d7000000)
 ParOldGen       total 68608K, used 49335K [0x0000000080000000, 0x0000000084300000, 0x00000000d5580000)
  object space 68608K, 71% used [0x0000000080000000,0x000000008302df30,0x0000000084300000)
 Metaspace       used 55164K, committed 56512K, reserved 1114112K
  class space    used 5884K, committed 6464K, reserved 1048576K
}
Event: 11.699 GC heap before
{Heap before GC invocations=35 (full 2):
 PSYoungGen      total 22528K, used 22516K [0x00000000d5580000, 0x00000000d7600000, 0x0000000100000000)
  eden space 20992K, 99% used [0x00000000d5580000,0x00000000d69fffe0,0x00000000d6a00000)
  from space 1536K, 99% used [0x00000000d7000000,0x00000000d717d030,0x00000000d7180000)
  to   space 6144K, 0% used [0x00000000d6a00000,0x00000000d6a00000,0x00000000d7000000)
 ParOldGen       total 68608K, used 49335K [0x0000000080000000, 0x0000000084300000, 0x00000000d5580000)
  object space 68608K, 71% used [0x0000000080000000,0x000000008302df30,0x0000000084300000)
 Metaspace       used 55381K, committed 56704K, reserved 1114112K
  class space    used 5897K, committed 6464K, reserved 1048576K
}
Event: 11.702 GC heap after
{Heap after GC invocations=35 (full 2):
 PSYoungGen      total 25600K, used 4332K [0x00000000d5580000, 0x00000000d7400000, 0x0000000100000000)
  eden space 20992K, 0% used [0x00000000d5580000,0x00000000d5580000,0x00000000d6a00000)
  from space 4608K, 94% used [0x00000000d6a00000,0x00000000d6e3b010,0x00000000d6e80000)
  to   space 5120K, 0% used [0x00000000d6f00000,0x00000000d6f00000,0x00000000d7400000)
 ParOldGen       total 68608K, used 50882K [0x0000000080000000, 0x0000000084300000, 0x00000000d5580000)
  object space 68608K, 74% used [0x0000000080000000,0x00000000831b09e0,0x0000000084300000)
 Metaspace       used 55381K, committed 56704K, reserved 1114112K
  class space    used 5897K, committed 6464K, reserved 1048576K
}
Event: 11.882 GC heap before
{Heap before GC invocations=36 (full 2):
 PSYoungGen      total 25600K, used 25319K [0x00000000d5580000, 0x00000000d7400000, 0x0000000100000000)
  eden space 20992K, 99% used [0x00000000d5580000,0x00000000d69fefa8,0x00000000d6a00000)
  from space 4608K, 94% used [0x00000000d6a00000,0x00000000d6e3b010,0x00000000d6e80000)
  to   space 5120K, 0% used [0x00000000d6f00000,0x00000000d6f00000,0x00000000d7400000)
 ParOldGen       total 68608K, used 50882K [0x0000000080000000, 0x0000000084300000, 0x00000000d5580000)
  object space 68608K, 74% used [0x0000000080000000,0x00000000831b09e0,0x0000000084300000)
 Metaspace       used 55844K, committed 57152K, reserved 1114112K
  class space    used 5945K, committed 6528K, reserved 1048576K
}
Event: 11.890 GC heap after
{Heap after GC invocations=36 (full 2):
 PSYoungGen      total 16384K, used 5116K [0x00000000d5580000, 0x00000000d8700000, 0x0000000100000000)
  eden space 11264K, 0% used [0x00000000d5580000,0x00000000d5580000,0x00000000d6080000)
  from space 5120K, 99% used [0x00000000d6f00000,0x00000000d73ff2f0,0x00000000d7400000)
  to   space 14848K, 0% used [0x00000000d6080000,0x00000000d6080000,0x00000000d6f00000)
 ParOldGen       total 68608K, used 58873K [0x0000000080000000, 0x0000000084300000, 0x00000000d5580000)
  object space 68608K, 85% used [0x0000000080000000,0x000000008397e778,0x0000000084300000)
 Metaspace       used 55844K, committed 57152K, reserved 1114112K
  class space    used 5945K, committed 6528K, reserved 1048576K
}
Event: 12.183 GC heap before
{Heap before GC invocations=37 (full 2):
 PSYoungGen      total 16384K, used 16380K [0x00000000d5580000, 0x00000000d8700000, 0x0000000100000000)
  eden space 11264K, 100% used [0x00000000d5580000,0x00000000d6080000,0x00000000d6080000)
  from space 5120K, 99% used [0x00000000d6f00000,0x00000000d73ff2f0,0x00000000d7400000)
  to   space 14848K, 0% used [0x00000000d6080000,0x00000000d6080000,0x00000000d6f00000)
 ParOldGen       total 68608K, used 58873K [0x0000000080000000, 0x0000000084300000, 0x00000000d5580000)
  object space 68608K, 85% used [0x0000000080000000,0x000000008397e778,0x0000000084300000)
 Metaspace       used 56780K, committed 58048K, reserved 1114112K
  class space    used 6033K, committed 6592K, reserved 1048576K
}
Event: 12.189 GC heap after
{Heap after GC invocations=37 (full 2):
 PSYoungGen      total 12800K, used 1433K [0x00000000d5580000, 0x00000000d6f80000, 0x0000000100000000)
  eden space 11264K, 0% used [0x00000000d5580000,0x00000000d5580000,0x00000000d6080000)
  from space 1536K, 93% used [0x00000000d6080000,0x00000000d61e65d0,0x00000000d6200000)
  to   space 6144K, 0% used [0x00000000d6980000,0x00000000d6980000,0x00000000d6f80000)
 ParOldGen       total 68608K, used 64028K [0x0000000080000000, 0x0000000084300000, 0x00000000d5580000)
  object space 68608K, 93% used [0x0000000080000000,0x0000000083e87360,0x0000000084300000)
 Metaspace       used 56780K, committed 58048K, reserved 1114112K
  class space    used 6033K, committed 6592K, reserved 1048576K
}
Event: 12.507 GC heap before
{Heap before GC invocations=38 (full 2):
 PSYoungGen      total 12800K, used 12697K [0x00000000d5580000, 0x00000000d6f80000, 0x0000000100000000)
  eden space 11264K, 100% used [0x00000000d5580000,0x00000000d6080000,0x00000000d6080000)
  from space 1536K, 93% used [0x00000000d6080000,0x00000000d61e65d0,0x00000000d6200000)
  to   space 6144K, 0% used [0x00000000d6980000,0x00000000d6980000,0x00000000d6f80000)
 ParOldGen       total 68608K, used 64028K [0x0000000080000000, 0x0000000084300000, 0x00000000d5580000)
  object space 68608K, 93% used [0x0000000080000000,0x0000000083e87360,0x0000000084300000)
 Metaspace       used 57208K, committed 58496K, reserved 1114112K
  class space    used 6042K, committed 6592K, reserved 1048576K
}
Event: 12.512 GC heap after
{Heap after GC invocations=38 (full 2):
 PSYoungGen      total 12288K, used 896K [0x00000000d5580000, 0x00000000d6a80000, 0x0000000100000000)
  eden space 11264K, 0% used [0x00000000d5580000,0x00000000d5580000,0x00000000d6080000)
  from space 1024K, 87% used [0x00000000d6980000,0x00000000d6a60038,0x00000000d6a80000)
  to   space 2048K, 0% used [0x00000000d6680000,0x00000000d6680000,0x00000000d6880000)
 ParOldGen       total 68608K, used 65282K [0x0000000080000000, 0x0000000084300000, 0x00000000d5580000)
  object space 68608K, 95% used [0x0000000080000000,0x0000000083fc0a18,0x0000000084300000)
 Metaspace       used 57208K, committed 58496K, reserved 1114112K
  class space    used 6042K, committed 6592K, reserved 1048576K
}
Event: 12.652 GC heap before
{Heap before GC invocations=39 (full 2):
 PSYoungGen      total 12288K, used 12160K [0x00000000d5580000, 0x00000000d6a80000, 0x0000000100000000)
  eden space 11264K, 100% used [0x00000000d5580000,0x00000000d6080000,0x00000000d6080000)
  from space 1024K, 87% used [0x00000000d6980000,0x00000000d6a60038,0x00000000d6a80000)
  to   space 2048K, 0% used [0x00000000d6680000,0x00000000d6680000,0x00000000d6880000)
 ParOldGen       total 68608K, used 65282K [0x0000000080000000, 0x0000000084300000, 0x00000000d5580000)
  object space 68608K, 95% used [0x0000000080000000,0x0000000083fc0a18,0x0000000084300000)
 Metaspace       used 57304K, committed 58560K, reserved 1114112K
  class space    used 6043K, committed 6592K, reserved 1048576K
}
Event: 12.656 GC heap after
{Heap after GC invocations=39 (full 2):
 PSYoungGen      total 13312K, used 645K [0x00000000d5580000, 0x00000000d6a00000, 0x0000000100000000)
  eden space 11264K, 0% used [0x00000000d5580000,0x00000000d5580000,0x00000000d6080000)
  from space 2048K, 31% used [0x00000000d6680000,0x00000000d6721640,0x00000000d6880000)
  to   space 1024K, 0% used [0x00000000d6900000,0x00000000d6900000,0x00000000d6a00000)
 ParOldGen       total 68608K, used 66073K [0x0000000080000000, 0x0000000084300000, 0x00000000d5580000)
  object space 68608K, 96% used [0x0000000080000000,0x0000000084086458,0x0000000084300000)
 Metaspace       used 57304K, committed 58560K, reserved 1114112K
  class space    used 6043K, committed 6592K, reserved 1048576K
}

