# JRE version: OpenJDK Runtime Environment Temurin-21.0.10+7 (21.0.10+7) (build 21.0.10+7-LTS)
# Java VM: OpenJDK 64-Bit Server VM Temurin-21.0.10+7 (21.0.10+7-LTS, mixed mode, sharing, tiered, compressed oops, compressed class ptrs, parallel gc, windows-amd64)
GC Precious Log:
 CardTable entry size: 512
 CPUs: 8 total, 8 available
 Memory: 7865M
 Large Page Support: Disabled
 NUMA Support: Disabled
 Compressed Oops: Enabled (32-bit)
 Alignments: Space 512K, Generation 512K, Heap 2M
 Heap Min Capacity: 100M
 Heap Initial Capacity: 100M
 Heap Max Capacity: 2G
 Pre-touch: Disabled
 Parallel Workers: 8
Heap:
 PSYoungGen      total 3584K, used 450K [0x00000000d5580000, 0x00000000d5a00000, 0x0000000100000000)
  eden space 3072K, 12% used [0x00000000d5580000,0x00000000d55e0bf8,0x00000000d5880000)
  from space 512K, 12% used [0x00000000d5980000,0x00000000d5990000,0x00000000d5a00000)
  to   space 512K, 0% used [0x00000000d5900000,0x00000000d5900000,0x00000000d5980000)
 ParOldGen       total 196096K, used 73464K [0x0000000080000000, 0x000000008bf80000, 0x00000000d5580000)
  object space 196096K, 37% used [0x0000000080000000,0x00000000847be138,0x000000008bf80000)
 Metaspace       used 83867K, committed 85824K, reserved 1179648K
  class space    used 8906K, committed 9792K, reserved 1048576K
GC Heap History (20 events):
Event: 12264.290 GC heap before
{Heap before GC invocations=301 (full 3):
 PSYoungGen      total 3584K, used 3568K [0x00000000d5580000, 0x00000000d5a80000, 0x0000000100000000)
  eden space 3072K, 100% used [0x00000000d5580000,0x00000000d5880000,0x00000000d5880000)
  from space 512K, 96% used [0x00000000d5900000,0x00000000d597c230,0x00000000d5980000)
  to   space 1024K, 0% used [0x00000000d5980000,0x00000000d5980000,0x00000000d5a80000)
 ParOldGen       total 195584K, used 195143K [0x0000000080000000, 0x000000008bf00000, 0x00000000d5580000)
  object space 195584K, 99% used [0x0000000080000000,0x000000008be91d28,0x000000008bf00000)
 Metaspace       used 83783K, committed 85440K, reserved 1179648K
  class space    used 8978K, committed 9728K, reserved 1048576K
}
Event: 12264.292 GC heap after
{Heap after GC invocations=301 (full 3):
 PSYoungGen      total 3584K, used 419K [0x00000000d5580000, 0x00000000d5a00000, 0x0000000100000000)
  eden space 3072K, 0% used [0x00000000d5580000,0x00000000d5580000,0x00000000d5880000)
  from space 512K, 81% used [0x00000000d5980000,0x00000000d59e8da8,0x00000000d5a00000)
  to   space 512K, 0% used [0x00000000d5900000,0x00000000d5900000,0x00000000d5980000)
 ParOldGen       total 195584K, used 195279K [0x0000000080000000, 0x000000008bf00000, 0x00000000d5580000)
  object space 195584K, 99% used [0x0000000080000000,0x000000008beb3d28,0x000000008bf00000)
 Metaspace       used 83783K, committed 85440K, reserved 1179648K
  class space    used 8978K, committed 9728K, reserved 1048576K
}
Event: 12264.681 GC heap before
{Heap before GC invocations=302 (full 3):
 PSYoungGen      total 3584K, used 3491K [0x00000000d5580000, 0x00000000d5a00000, 0x0000000100000000)
  eden space 3072K, 99% used [0x00000000d5580000,0x00000000d587ffd8,0x00000000d5880000)
  from space 512K, 81% used [0x00000000d5980000,0x00000000d59e8da8,0x00000000d5a00000)
  to   space 512K, 0% used [0x00000000d5900000,0x00000000d5900000,0x00000000d5980000)
 ParOldGen       total 195584K, used 195279K [0x0000000080000000, 0x000000008bf00000, 0x00000000d5580000)
  object space 195584K, 99% used [0x0000000080000000,0x000000008beb3d28,0x000000008bf00000)
 Metaspace       used 84048K, committed 85696K, reserved 1179648K
  class space    used 9001K, committed 9792K, reserved 1048576K
}
Event: 12264.682 GC heap after
{Heap after GC invocations=302 (full 3):
 PSYoungGen      total 3584K, used 288K [0x00000000d5580000, 0x00000000d5a00000, 0x0000000100000000)
  eden space 3072K, 0% used [0x00000000d5580000,0x00000000d5580000,0x00000000d5880000)
  from space 512K, 56% used [0x00000000d5900000,0x00000000d5948000,0x00000000d5980000)
  to   space 512K, 0% used [0x00000000d5980000,0x00000000d5980000,0x00000000d5a00000)
 ParOldGen       total 195584K, used 195581K [0x0000000080000000, 0x000000008bf00000, 0x00000000d5580000)
  object space 195584K, 99% used [0x0000000080000000,0x000000008beff6a8,0x000000008bf00000)
 Metaspace       used 84048K, committed 85696K, reserved 1179648K
  class space    used 9001K, committed 9792K, reserved 1048576K
}
Event: 14763.251 GC heap before
{Heap before GC invocations=303 (full 3):
 PSYoungGen      total 3584K, used 3360K [0x00000000d5580000, 0x00000000d5a00000, 0x0000000100000000)
  eden space 3072K, 100% used [0x00000000d5580000,0x00000000d5880000,0x00000000d5880000)
  from space 512K, 56% used [0x00000000d5900000,0x00000000d5948000,0x00000000d5980000)
  to   space 512K, 0% used [0x00000000d5980000,0x00000000d5980000,0x00000000d5a00000)
 ParOldGen       total 195584K, used 195581K [0x0000000080000000, 0x000000008bf00000, 0x00000000d5580000)
  object space 195584K, 99% used [0x0000000080000000,0x000000008beff6a8,0x000000008bf00000)
 Metaspace       used 84106K, committed 85760K, reserved 1179648K
  class space    used 9005K, committed 9792K, reserved 1048576K
}
Event: 14763.674 GC heap after
{Heap after GC invocations=303 (full 3):
 PSYoungGen      total 3584K, used 288K [0x00000000d5580000, 0x00000000d5a00000, 0x0000000100000000)
  eden space 3072K, 0% used [0x00000000d5580000,0x00000000d5580000,0x00000000d5880000)
  from space 512K, 56% used [0x00000000d5980000,0x00000000d59c8000,0x00000000d5a00000)
  to   space 512K, 0% used [0x00000000d5900000,0x00000000d5900000,0x00000000d5980000)
 ParOldGen       total 196096K, used 195653K [0x0000000080000000, 0x000000008bf80000, 0x00000000d5580000)
  object space 196096K, 99% used [0x0000000080000000,0x000000008bf116a8,0x000000008bf80000)
 Metaspace       used 84106K, committed 85760K, reserved 1179648K
  class space    used 9005K, committed 9792K, reserved 1048576K
}
Event: 14768.464 GC heap before
{Heap before GC invocations=304 (full 3):
 PSYoungGen      total 3584K, used 1328K [0x00000000d5580000, 0x00000000d5a00000, 0x0000000100000000)
  eden space 3072K, 33% used [0x00000000d5580000,0x00000000d5684228,0x00000000d5880000)
  from space 512K, 56% used [0x00000000d5980000,0x00000000d59c8000,0x00000000d5a00000)
  to   space 512K, 0% used [0x00000000d5900000,0x00000000d5900000,0x00000000d5980000)
 ParOldGen       total 196096K, used 195653K [0x0000000080000000, 0x000000008bf80000, 0x00000000d5580000)
  object space 196096K, 99% used [0x0000000080000000,0x000000008bf116a8,0x000000008bf80000)
 Metaspace       used 84120K, committed 85824K, reserved 1179648K
  class space    used 9005K, committed 9792K, reserved 1048576K
}
Event: 14768.468 GC heap after
{Heap after GC invocations=304 (full 3):
 PSYoungGen      total 3584K, used 192K [0x00000000d5580000, 0x00000000d5a00000, 0x0000000100000000)
  eden space 3072K, 0% used [0x00000000d5580000,0x00000000d5580000,0x00000000d5880000)
  from space 512K, 37% used [0x00000000d5900000,0x00000000d5930000,0x00000000d5980000)
  to   space 512K, 0% used [0x00000000d5980000,0x00000000d5980000,0x00000000d5a00000)
 ParOldGen       total 196096K, used 195757K [0x0000000080000000, 0x000000008bf80000, 0x00000000d5580000)
  object space 196096K, 99% used [0x0000000080000000,0x000000008bf2b6a8,0x000000008bf80000)
 Metaspace       used 84120K, committed 85824K, reserved 1179648K
  class space    used 9005K, committed 9792K, reserved 1048576K
}
Event: 14768.468 GC heap before
{Heap before GC invocations=305 (full 4):
 PSYoungGen      total 3584K, used 192K [0x00000000d5580000, 0x00000000d5a00000, 0x0000000100000000)
  eden space 3072K, 0% used [0x00000000d5580000,0x00000000d5580000,0x00000000d5880000)
  from space 512K, 37% used [0x00000000d5900000,0x00000000d5930000,0x00000000d5980000)
  to   space 512K, 0% used [0x00000000d5980000,0x00000000d5980000,0x00000000d5a00000)
 ParOldGen       total 196096K, used 195757K [0x0000000080000000, 0x000000008bf80000, 0x00000000d5580000)
  object space 196096K, 99% used [0x0000000080000000,0x000000008bf2b6a8,0x000000008bf80000)
 Metaspace       used 84120K, committed 85824K, reserved 1179648K
  class space    used 9005K, committed 9792K, reserved 1048576K
}
Event: 14771.463 GC heap after
{Heap after GC invocations=305 (full 4):
 PSYoungGen      total 3584K, used 0K [0x00000000d5580000, 0x00000000d5a00000, 0x0000000100000000)
  eden space 3072K, 0% used [0x00000000d5580000,0x00000000d5580000,0x00000000d5880000)
  from space 512K, 0% used [0x00000000d5900000,0x00000000d5900000,0x00000000d5980000)
  to   space 512K, 0% used [0x00000000d5980000,0x00000000d5980000,0x00000000d5a00000)
 ParOldGen       total 196096K, used 73008K [0x0000000080000000, 0x000000008bf80000, 0x00000000d5580000)
  object space 196096K, 37% used [0x0000000080000000,0x000000008474c0d8,0x000000008bf80000)
 Metaspace       used 83715K, committed 85824K, reserved 1179648K
  class space    used 8896K, committed 9792K, reserved 1048576K
}
Event: 14996.571 GC heap before
{Heap before GC invocations=306 (full 4):
 PSYoungGen      total 3584K, used 3066K [0x00000000d5580000, 0x00000000d5a00000, 0x0000000100000000)
  eden space 3072K, 99% used [0x00000000d5580000,0x00000000d587eb48,0x00000000d5880000)
  from space 512K, 0% used [0x00000000d5900000,0x00000000d5900000,0x00000000d5980000)
  to   space 512K, 0% used [0x00000000d5980000,0x00000000d5980000,0x00000000d5a00000)
 ParOldGen       total 196096K, used 73008K [0x0000000080000000, 0x000000008bf80000, 0x00000000d5580000)
  object space 196096K, 37% used [0x0000000080000000,0x000000008474c0d8,0x000000008bf80000)
 Metaspace       used 83741K, committed 85824K, reserved 1179648K
  class space    used 8896K, committed 9792K, reserved 1048576K
}
Event: 14996.755 GC heap after
{Heap after GC invocations=306 (full 4):
 PSYoungGen      total 3584K, used 416K [0x00000000d5580000, 0x00000000d5a00000, 0x0000000100000000)
  eden space 3072K, 0% used [0x00000000d5580000,0x00000000d5580000,0x00000000d5880000)
  from space 512K, 81% used [0x00000000d5980000,0x00000000d59e8040,0x00000000d5a00000)
  to   space 512K, 0% used [0x00000000d5900000,0x00000000d5900000,0x00000000d5980000)
 ParOldGen       total 196096K, used 73008K [0x0000000080000000, 0x000000008bf80000, 0x00000000d5580000)
  object space 196096K, 37% used [0x0000000080000000,0x000000008474c0d8,0x000000008bf80000)
 Metaspace       used 83741K, committed 85824K, reserved 1179648K
  class space    used 8896K, committed 9792K, reserved 1048576K
}
Event: 15421.418 GC heap before
{Heap before GC invocations=307 (full 4):
 PSYoungGen      total 3584K, used 3488K [0x00000000d5580000, 0x00000000d5a00000, 0x0000000100000000)
  eden space 3072K, 100% used [0x00000000d5580000,0x00000000d5880000,0x00000000d5880000)
  from space 512K, 81% used [0x00000000d5980000,0x00000000d59e8040,0x00000000d5a00000)
  to   space 512K, 0% used [0x00000000d5900000,0x00000000d5900000,0x00000000d5980000)
 ParOldGen       total 196096K, used 73008K [0x0000000080000000, 0x000000008bf80000, 0x00000000d5580000)
  object space 196096K, 37% used [0x0000000080000000,0x000000008474c0d8,0x000000008bf80000)
 Metaspace       used 83788K, committed 85824K, reserved 1179648K
  class space    used 8900K, committed 9792K, reserved 1048576K
}
Event: 15421.481 GC heap after
{Heap after GC invocations=307 (full 4):
 PSYoungGen      total 3584K, used 320K [0x00000000d5580000, 0x00000000d5a00000, 0x0000000100000000)
  eden space 3072K, 0% used [0x00000000d5580000,0x00000000d5580000,0x00000000d5880000)
  from space 512K, 62% used [0x00000000d5900000,0x00000000d5950020,0x00000000d5980000)
  to   space 512K, 0% used [0x00000000d5980000,0x00000000d5980000,0x00000000d5a00000)
 ParOldGen       total 196096K, used 73168K [0x0000000080000000, 0x000000008bf80000, 0x00000000d5580000)
  object space 196096K, 37% used [0x0000000080000000,0x00000000847740f8,0x000000008bf80000)
 Metaspace       used 83788K, committed 85824K, reserved 1179648K
  class space    used 8900K, committed 9792K, reserved 1048576K
}
Event: 15427.955 GC heap before
{Heap before GC invocations=308 (full 4):
 PSYoungGen      total 3584K, used 3392K [0x00000000d5580000, 0x00000000d5a00000, 0x0000000100000000)
  eden space 3072K, 100% used [0x00000000d5580000,0x00000000d5880000,0x00000000d5880000)
  from space 512K, 62% used [0x00000000d5900000,0x00000000d5950020,0x00000000d5980000)
  to   space 512K, 0% used [0x00000000d5980000,0x00000000d5980000,0x00000000d5a00000)
 ParOldGen       total 196096K, used 73168K [0x0000000080000000, 0x000000008bf80000, 0x00000000d5580000)
  object space 196096K, 37% used [0x0000000080000000,0x00000000847740f8,0x000000008bf80000)
 Metaspace       used 83833K, committed 85824K, reserved 1179648K
  class space    used 8906K, committed 9792K, reserved 1048576K
}
Event: 15427.960 GC heap after
{Heap after GC invocations=308 (full 4):
 PSYoungGen      total 3584K, used 192K [0x00000000d5580000, 0x00000000d5a00000, 0x0000000100000000)
  eden space 3072K, 0% used [0x00000000d5580000,0x00000000d5580000,0x00000000d5880000)
  from space 512K, 37% used [0x00000000d5980000,0x00000000d59b0000,0x00000000d5a00000)
  to   space 512K, 0% used [0x00000000d5900000,0x00000000d5900000,0x00000000d5980000)
 ParOldGen       total 196096K, used 73280K [0x0000000080000000, 0x000000008bf80000, 0x00000000d5580000)
  object space 196096K, 37% used [0x0000000080000000,0x0000000084790118,0x000000008bf80000)
 Metaspace       used 83833K, committed 85824K, reserved 1179648K
  class space    used 8906K, committed 9792K, reserved 1048576K
}
Event: 19500.754 GC heap before
{Heap before GC invocations=309 (full 4):
 PSYoungGen      total 3584K, used 3264K [0x00000000d5580000, 0x00000000d5a00000, 0x0000000100000000)
  eden space 3072K, 100% used [0x00000000d5580000,0x00000000d5880000,0x00000000d5880000)
  from space 512K, 37% used [0x00000000d5980000,0x00000000d59b0000,0x00000000d5a00000)
  to   space 512K, 0% used [0x00000000d5900000,0x00000000d5900000,0x00000000d5980000)
 ParOldGen       total 196096K, used 73280K [0x0000000080000000, 0x000000008bf80000, 0x00000000d5580000)
  object space 196096K, 37% used [0x0000000080000000,0x0000000084790118,0x000000008bf80000)
 Metaspace       used 83867K, committed 85824K, reserved 1179648K
  class space    used 8906K, committed 9792K, reserved 1048576K
}
Event: 19500.837 GC heap after
{Heap after GC invocations=309 (full 4):
 PSYoungGen      total 3584K, used 288K [0x00000000d5580000, 0x00000000d5a00000, 0x0000000100000000)
  eden space 3072K, 0% used [0x00000000d5580000,0x00000000d5580000,0x00000000d5880000)
  from space 512K, 56% used [0x00000000d5900000,0x00000000d5948020,0x00000000d5980000)
  to   space 512K, 0% used [0x00000000d5980000,0x00000000d5980000,0x00000000d5a00000)
 ParOldGen       total 196096K, used 73360K [0x0000000080000000, 0x000000008bf80000, 0x00000000d5580000)
  object space 196096K, 37% used [0x0000000080000000,0x00000000847a4118,0x000000008bf80000)
 Metaspace       used 83867K, committed 85824K, reserved 1179648K
  class space    used 8906K, committed 9792K, reserved 1048576K
}
Event: 28860.744 GC heap before
{Heap before GC invocations=310 (full 4):
 PSYoungGen      total 3584K, used 3360K [0x00000000d5580000, 0x00000000d5a00000, 0x0000000100000000)
  eden space 3072K, 100% used [0x00000000d5580000,0x00000000d5880000,0x00000000d5880000)
  from space 512K, 56% used [0x00000000d5900000,0x00000000d5948020,0x00000000d5980000)
  to   space 512K, 0% used [0x00000000d5980000,0x00000000d5980000,0x00000000d5a00000)
 ParOldGen       total 196096K, used 73360K [0x0000000080000000, 0x000000008bf80000, 0x00000000d5580000)
  object space 196096K, 37% used [0x0000000080000000,0x00000000847a4118,0x000000008bf80000)
 Metaspace       used 83867K, committed 85824K, reserved 1179648K
  class space    used 8906K, committed 9792K, reserved 1048576K
}
Event: 28860.746 GC heap after
{Heap after GC invocations=310 (full 4):
 PSYoungGen      total 3584K, used 64K [0x00000000d5580000, 0x00000000d5a00000, 0x0000000100000000)
  eden space 3072K, 0% used [0x00000000d5580000,0x00000000d5580000,0x00000000d5880000)
  from space 512K, 12% used [0x00000000d5980000,0x00000000d5990000,0x00000000d5a00000)
  to   space 512K, 0% used [0x00000000d5900000,0x00000000d5900000,0x00000000d5980000)
 ParOldGen       total 196096K, used 73464K [0x0000000080000000, 0x000000008bf80000, 0x00000000d5580000)
  object space 196096K, 37% used [0x0000000080000000,0x00000000847be138,0x000000008bf80000)
 Metaspace       used 83867K, committed 85824K, reserved 1179648K
  class space    used 8906K, committed 9792K, reserved 1048576K
}

