# JRE version: OpenJDK Runtime Environment Temurin-21.0.10+7 (21.0.10+7) (build 21.0.10+7-LTS)
# Java VM: OpenJDK 64-Bit Server VM Temurin-21.0.10+7 (21.0.10+7-LTS, mixed mode, sharing, tiered, compressed oops, compressed class ptrs, parallel gc, windows-amd64)
GC Precious Log:
 CardTable entry size: 512
 CPUs: 8 total, 8 available
 Memory: 7865M
 Large Page Support: Disabled
 NUMA Support: Disabled
 Compressed Oops: Enabled (32-bit)
 Alignments: Space 512K, Generation 512K, Heap 2M
 Heap Min Capacity: 100M
 Heap Initial Capacity: 100M
 Heap Max Capacity: 2G
 Pre-touch: Disabled
 Parallel Workers: 8
Heap:
 PSYoungGen      total 5632K, used 1126K [0x00000000d5580000, 0x00000000d6200000, 0x0000000100000000)
  eden space 5120K, 18% used [0x00000000d5580000,0x00000000d5671ad0,0x00000000d5a80000)
  from space 512K, 31% used [0x00000000d6100000,0x00000000d6128000,0x00000000d6180000)
  to   space 512K, 0% used [0x00000000d6180000,0x00000000d6180000,0x00000000d6200000)
 ParOldGen       total 126976K, used 126861K [0x0000000080000000, 0x0000000087c00000, 0x00000000d5580000)
  object space 126976K, 99% used [0x0000000080000000,0x0000000087be3468,0x0000000087c00000)
 Metaspace       used 76456K, committed 78080K, reserved 1179648K
  class space    used 8552K, committed 9280K, reserved 1048576K
GC Heap History (20 events):
Event: 57.380 GC heap before
{Heap before GC invocations=198 (full 3):
 PSYoungGen      total 5632K, used 5440K [0x00000000d5580000, 0x00000000d6200000, 0x0000000100000000)
  eden space 5120K, 100% used [0x00000000d5580000,0x00000000d5a80000,0x00000000d5a80000)
  from space 512K, 62% used [0x00000000d6180000,0x00000000d61d0020,0x00000000d6200000)
  to   space 512K, 0% used [0x00000000d6100000,0x00000000d6100000,0x00000000d6180000)
 ParOldGen       total 124928K, used 124876K [0x0000000080000000, 0x0000000087a00000, 0x00000000d5580000)
  object space 124928K, 99% used [0x0000000080000000,0x00000000879f33a0,0x0000000087a00000)
 Metaspace       used 71764K, committed 73216K, reserved 1114112K
  class space    used 7839K, committed 8448K, reserved 1048576K
}
Event: 57.383 GC heap after
{Heap after GC invocations=198 (full 3):
 PSYoungGen      total 5632K, used 320K [0x00000000d5580000, 0x00000000d6200000, 0x0000000100000000)
  eden space 5120K, 0% used [0x00000000d5580000,0x00000000d5580000,0x00000000d5a80000)
  from space 512K, 62% used [0x00000000d6100000,0x00000000d6150000,0x00000000d6180000)
  to   space 512K, 0% used [0x00000000d6180000,0x00000000d6180000,0x00000000d6200000)
 ParOldGen       total 125440K, used 125089K [0x0000000080000000, 0x0000000087a80000, 0x00000000d5580000)
  object space 125440K, 99% used [0x0000000080000000,0x0000000087a28718,0x0000000087a80000)
 Metaspace       used 71764K, committed 73216K, reserved 1114112K
  class space    used 7839K, committed 8448K, reserved 1048576K
}
Event: 57.476 GC heap before
{Heap before GC invocations=199 (full 3):
 PSYoungGen      total 5632K, used 5440K [0x00000000d5580000, 0x00000000d6200000, 0x0000000100000000)
  eden space 5120K, 100% used [0x00000000d5580000,0x00000000d5a80000,0x00000000d5a80000)
  from space 512K, 62% used [0x00000000d6100000,0x00000000d6150000,0x00000000d6180000)
  to   space 512K, 0% used [0x00000000d6180000,0x00000000d6180000,0x00000000d6200000)
 ParOldGen       total 125440K, used 125089K [0x0000000080000000, 0x0000000087a80000, 0x00000000d5580000)
  object space 125440K, 99% used [0x0000000080000000,0x0000000087a28718,0x0000000087a80000)
 Metaspace       used 72469K, committed 73920K, reserved 1114112K
  class space    used 7943K, committed 8576K, reserved 1048576K
}
Event: 57.477 GC heap after
{Heap after GC invocations=199 (full 3):
 PSYoungGen      total 5632K, used 288K [0x00000000d5580000, 0x00000000d6200000, 0x0000000100000000)
  eden space 5120K, 0% used [0x00000000d5580000,0x00000000d5580000,0x00000000d5a80000)
  from space 512K, 56% used [0x00000000d6180000,0x00000000d61c8000,0x00000000d6200000)
  to   space 512K, 0% used [0x00000000d6100000,0x00000000d6100000,0x00000000d6180000)
 ParOldGen       total 125440K, used 125257K [0x0000000080000000, 0x0000000087a80000, 0x00000000d5580000)
  object space 125440K, 99% used [0x0000000080000000,0x0000000087a52718,0x0000000087a80000)
 Metaspace       used 72469K, committed 73920K, reserved 1114112K
  class space    used 7943K, committed 8576K, reserved 1048576K
}
Event: 57.604 GC heap before
{Heap before GC invocations=200 (full 3):
 PSYoungGen      total 5632K, used 5408K [0x00000000d5580000, 0x00000000d6200000, 0x0000000100000000)
  eden space 5120K, 100% used [0x00000000d5580000,0x00000000d5a80000,0x00000000d5a80000)
  from space 512K, 56% used [0x00000000d6180000,0x00000000d61c8000,0x00000000d6200000)
  to   space 512K, 0% used [0x00000000d6100000,0x00000000d6100000,0x00000000d6180000)
 ParOldGen       total 125440K, used 125257K [0x0000000080000000, 0x0000000087a80000, 0x00000000d5580000)
  object space 125440K, 99% used [0x0000000080000000,0x0000000087a52718,0x0000000087a80000)
 Metaspace       used 73002K, committed 74496K, reserved 1179648K
  class space    used 8031K, committed 8640K, reserved 1048576K
}
Event: 57.605 GC heap after
{Heap after GC invocations=200 (full 3):
 PSYoungGen      total 5632K, used 320K [0x00000000d5580000, 0x00000000d6200000, 0x0000000100000000)
  eden space 5120K, 0% used [0x00000000d5580000,0x00000000d5580000,0x00000000d5a80000)
  from space 512K, 62% used [0x00000000d6100000,0x00000000d6150000,0x00000000d6180000)
  to   space 512K, 0% used [0x00000000d6180000,0x00000000d6180000,0x00000000d6200000)
 ParOldGen       total 125440K, used 125377K [0x0000000080000000, 0x0000000087a80000, 0x00000000d5580000)
  object space 125440K, 99% used [0x0000000080000000,0x0000000087a70718,0x0000000087a80000)
 Metaspace       used 73002K, committed 74496K, reserved 1179648K
  class space    used 8031K, committed 8640K, reserved 1048576K
}
Event: 57.804 GC heap before
{Heap before GC invocations=201 (full 3):
 PSYoungGen      total 5632K, used 5440K [0x00000000d5580000, 0x00000000d6200000, 0x0000000100000000)
  eden space 5120K, 100% used [0x00000000d5580000,0x00000000d5a80000,0x00000000d5a80000)
  from space 512K, 62% used [0x00000000d6100000,0x00000000d6150000,0x00000000d6180000)
  to   space 512K, 0% used [0x00000000d6180000,0x00000000d6180000,0x00000000d6200000)
 ParOldGen       total 125440K, used 125377K [0x0000000080000000, 0x0000000087a80000, 0x00000000d5580000)
  object space 125440K, 99% used [0x0000000080000000,0x0000000087a70718,0x0000000087a80000)
 Metaspace       used 73599K, committed 75136K, reserved 1179648K
  class space    used 8146K, committed 8832K, reserved 1048576K
}
Event: 57.807 GC heap after
{Heap after GC invocations=201 (full 3):
 PSYoungGen      total 5632K, used 352K [0x00000000d5580000, 0x00000000d6200000, 0x0000000100000000)
  eden space 5120K, 0% used [0x00000000d5580000,0x00000000d5580000,0x00000000d5a80000)
  from space 512K, 68% used [0x00000000d6180000,0x00000000d61d8000,0x00000000d6200000)
  to   space 512K, 0% used [0x00000000d6100000,0x00000000d6100000,0x00000000d6180000)
 ParOldGen       total 125952K, used 125545K [0x0000000080000000, 0x0000000087b00000, 0x00000000d5580000)
  object space 125952K, 99% used [0x0000000080000000,0x0000000087a9a718,0x0000000087b00000)
 Metaspace       used 73599K, committed 75136K, reserved 1179648K
  class space    used 8146K, committed 8832K, reserved 1048576K
}
Event: 58.279 GC heap before
{Heap before GC invocations=202 (full 3):
 PSYoungGen      total 5632K, used 5472K [0x00000000d5580000, 0x00000000d6200000, 0x0000000100000000)
  eden space 5120K, 100% used [0x00000000d5580000,0x00000000d5a80000,0x00000000d5a80000)
  from space 512K, 68% used [0x00000000d6180000,0x00000000d61d8000,0x00000000d6200000)
  to   space 512K, 0% used [0x00000000d6100000,0x00000000d6100000,0x00000000d6180000)
 ParOldGen       total 125952K, used 125545K [0x0000000080000000, 0x0000000087b00000, 0x00000000d5580000)
  object space 125952K, 99% used [0x0000000080000000,0x0000000087a9a718,0x0000000087b00000)
 Metaspace       used 74322K, committed 75840K, reserved 1179648K
  class space    used 8251K, committed 8896K, reserved 1048576K
}
Event: 58.280 GC heap after
{Heap after GC invocations=202 (full 3):
 PSYoungGen      total 5632K, used 352K [0x00000000d5580000, 0x00000000d6200000, 0x0000000100000000)
  eden space 5120K, 0% used [0x00000000d5580000,0x00000000d5580000,0x00000000d5a80000)
  from space 512K, 68% used [0x00000000d6100000,0x00000000d6158000,0x00000000d6180000)
  to   space 512K, 0% used [0x00000000d6180000,0x00000000d6180000,0x00000000d6200000)
 ParOldGen       total 125952K, used 125761K [0x0000000080000000, 0x0000000087b00000, 0x00000000d5580000)
  object space 125952K, 99% used [0x0000000080000000,0x0000000087ad0428,0x0000000087b00000)
 Metaspace       used 74322K, committed 75840K, reserved 1179648K
  class space    used 8251K, committed 8896K, reserved 1048576K
}
Event: 58.383 GC heap before
{Heap before GC invocations=203 (full 3):
 PSYoungGen      total 5632K, used 5472K [0x00000000d5580000, 0x00000000d6200000, 0x0000000100000000)
  eden space 5120K, 100% used [0x00000000d5580000,0x00000000d5a80000,0x00000000d5a80000)
  from space 512K, 68% used [0x00000000d6100000,0x00000000d6158000,0x00000000d6180000)
  to   space 512K, 0% used [0x00000000d6180000,0x00000000d6180000,0x00000000d6200000)
 ParOldGen       total 125952K, used 125761K [0x0000000080000000, 0x0000000087b00000, 0x00000000d5580000)
  object space 125952K, 99% used [0x0000000080000000,0x0000000087ad0428,0x0000000087b00000)
 Metaspace       used 74832K, committed 76352K, reserved 1179648K
  class space    used 8329K, committed 8960K, reserved 1048576K
}
Event: 58.384 GC heap after
{Heap after GC invocations=203 (full 3):
 PSYoungGen      total 5632K, used 352K [0x00000000d5580000, 0x00000000d6200000, 0x0000000100000000)
  eden space 5120K, 0% used [0x00000000d5580000,0x00000000d5580000,0x00000000d5a80000)
  from space 512K, 68% used [0x00000000d6180000,0x00000000d61d8000,0x00000000d6200000)
  to   space 512K, 0% used [0x00000000d6100000,0x00000000d6100000,0x00000000d6180000)
 ParOldGen       total 126464K, used 125985K [0x0000000080000000, 0x0000000087b80000, 0x00000000d5580000)
  object space 126464K, 99% used [0x0000000080000000,0x0000000087b08428,0x0000000087b80000)
 Metaspace       used 74832K, committed 76352K, reserved 1179648K
  class space    used 8329K, committed 8960K, reserved 1048576K
}
Event: 58.482 GC heap before
{Heap before GC invocations=204 (full 3):
 PSYoungGen      total 5632K, used 5472K [0x00000000d5580000, 0x00000000d6200000, 0x0000000100000000)
  eden space 5120K, 100% used [0x00000000d5580000,0x00000000d5a80000,0x00000000d5a80000)
  from space 512K, 68% used [0x00000000d6180000,0x00000000d61d8000,0x00000000d6200000)
  to   space 512K, 0% used [0x00000000d6100000,0x00000000d6100000,0x00000000d6180000)
 ParOldGen       total 126464K, used 125985K [0x0000000080000000, 0x0000000087b80000, 0x00000000d5580000)
  object space 126464K, 99% used [0x0000000080000000,0x0000000087b08428,0x0000000087b80000)
 Metaspace       used 75333K, committed 76928K, reserved 1179648K
  class space    used 8424K, committed 9152K, reserved 1048576K
}
Event: 58.484 GC heap after
{Heap after GC invocations=204 (full 3):
 PSYoungGen      total 5632K, used 288K [0x00000000d5580000, 0x00000000d6200000, 0x0000000100000000)
  eden space 5120K, 0% used [0x00000000d5580000,0x00000000d5580000,0x00000000d5a80000)
  from space 512K, 56% used [0x00000000d6100000,0x00000000d6148000,0x00000000d6180000)
  to   space 512K, 0% used [0x00000000d6180000,0x00000000d6180000,0x00000000d6200000)
 ParOldGen       total 126464K, used 126185K [0x0000000080000000, 0x0000000087b80000, 0x00000000d5580000)
  object space 126464K, 99% used [0x0000000080000000,0x0000000087b3a428,0x0000000087b80000)
 Metaspace       used 75333K, committed 76928K, reserved 1179648K
  class space    used 8424K, committed 9152K, reserved 1048576K
}
Event: 58.680 GC heap before
{Heap before GC invocations=205 (full 3):
 PSYoungGen      total 5632K, used 5408K [0x00000000d5580000, 0x00000000d6200000, 0x0000000100000000)
  eden space 5120K, 100% used [0x00000000d5580000,0x00000000d5a80000,0x00000000d5a80000)
  from space 512K, 56% used [0x00000000d6100000,0x00000000d6148000,0x00000000d6180000)
  to   space 512K, 0% used [0x00000000d6180000,0x00000000d6180000,0x00000000d6200000)
 ParOldGen       total 126464K, used 126185K [0x0000000080000000, 0x0000000087b80000, 0x00000000d5580000)
  object space 126464K, 99% used [0x0000000080000000,0x0000000087b3a428,0x0000000087b80000)
 Metaspace       used 75667K, committed 77312K, reserved 1179648K
  class space    used 8479K, committed 9216K, reserved 1048576K
}
Event: 58.683 GC heap after
{Heap after GC invocations=205 (full 3):
 PSYoungGen      total 5632K, used 306K [0x00000000d5580000, 0x00000000d6200000, 0x0000000100000000)
  eden space 5120K, 0% used [0x00000000d5580000,0x00000000d5580000,0x00000000d5a80000)
  from space 512K, 59% used [0x00000000d6180000,0x00000000d61cca28,0x00000000d6200000)
  to   space 512K, 0% used [0x00000000d6100000,0x00000000d6100000,0x00000000d6180000)
 ParOldGen       total 126464K, used 126361K [0x0000000080000000, 0x0000000087b80000, 0x00000000d5580000)
  object space 126464K, 99% used [0x0000000080000000,0x0000000087b66428,0x0000000087b80000)
 Metaspace       used 75667K, committed 77312K, reserved 1179648K
  class space    used 8479K, committed 9216K, reserved 1048576K
}
Event: 61.695 GC heap before
{Heap before GC invocations=206 (full 3):
 PSYoungGen      total 5632K, used 5418K [0x00000000d5580000, 0x00000000d6200000, 0x0000000100000000)
  eden space 5120K, 99% used [0x00000000d5580000,0x00000000d5a7dee8,0x00000000d5a80000)
  from space 512K, 59% used [0x00000000d6180000,0x00000000d61cca28,0x00000000d6200000)
  to   space 512K, 0% used [0x00000000d6100000,0x00000000d6100000,0x00000000d6180000)
 ParOldGen       total 126464K, used 126361K [0x0000000080000000, 0x0000000087b80000, 0x00000000d5580000)
  object space 126464K, 99% used [0x0000000080000000,0x0000000087b66428,0x0000000087b80000)
 Metaspace       used 76138K, committed 77760K, reserved 1179648K
  class space    used 8533K, committed 9280K, reserved 1048576K
}
Event: 61.696 GC heap after
{Heap after GC invocations=206 (full 3):
 PSYoungGen      total 5632K, used 319K [0x00000000d5580000, 0x00000000d6200000, 0x0000000100000000)
  eden space 5120K, 0% used [0x00000000d5580000,0x00000000d5580000,0x00000000d5a80000)
  from space 512K, 62% used [0x00000000d6100000,0x00000000d614ff50,0x00000000d6180000)
  to   space 512K, 0% used [0x00000000d6180000,0x00000000d6180000,0x00000000d6200000)
 ParOldGen       total 126976K, used 126553K [0x0000000080000000, 0x0000000087c00000, 0x00000000d5580000)
  object space 126976K, 99% used [0x0000000080000000,0x0000000087b96438,0x0000000087c00000)
 Metaspace       used 76138K, committed 77760K, reserved 1179648K
  class space    used 8533K, committed 9280K, reserved 1048576K
}
Event: 62.362 GC heap before
{Heap before GC invocations=207 (full 3):
 PSYoungGen      total 5632K, used 5439K [0x00000000d5580000, 0x00000000d6200000, 0x0000000100000000)
  eden space 5120K, 100% used [0x00000000d5580000,0x00000000d5a80000,0x00000000d5a80000)
  from space 512K, 62% used [0x00000000d6100000,0x00000000d614ff50,0x00000000d6180000)
  to   space 512K, 0% used [0x00000000d6180000,0x00000000d6180000,0x00000000d6200000)
 ParOldGen       total 126976K, used 126553K [0x0000000080000000, 0x0000000087c00000, 0x00000000d5580000)
  object space 126976K, 99% used [0x0000000080000000,0x0000000087b96438,0x0000000087c00000)
 Metaspace       used 76336K, committed 77952K, reserved 1179648K
  class space    used 8546K, committed 9280K, reserved 1048576K
}
Event: 62.364 GC heap after
{Heap after GC invocations=207 (full 3):
 PSYoungGen      total 5632K, used 288K [0x00000000d5580000, 0x00000000d6200000, 0x0000000100000000)
  eden space 5120K, 0% used [0x00000000d5580000,0x00000000d5580000,0x00000000d5a80000)
  from space 512K, 56% used [0x00000000d6180000,0x00000000d61c8000,0x00000000d6200000)
  to   space 512K, 0% used [0x00000000d6100000,0x00000000d6100000,0x00000000d6180000)
 ParOldGen       total 126976K, used 126717K [0x0000000080000000, 0x0000000087c00000, 0x00000000d5580000)
  object space 126976K, 99% used [0x0000000080000000,0x0000000087bbf468,0x0000000087c00000)
 Metaspace       used 76336K, committed 77952K, reserved 1179648K
  class space    used 8546K, committed 9280K, reserved 1048576K
}

