# JRE version: OpenJDK Runtime Environment Temurin-21.0.10+7 (21.0.10+7) (build 21.0.10+7-LTS)
# Java VM: OpenJDK 64-Bit Server VM Temurin-21.0.10+7 (21.0.10+7-LTS, mixed mode, sharing, tiered, compressed oops, compressed class ptrs, g1 gc, windows-amd64)
GC Precious Log:
 CardTable entry size: 512
 Card Set container configuration: InlinePtr #cards 5 size 8 Array Of Cards #cards 12 size 40 Howl #buckets 4 coarsen threshold 1843 Howl Bitmap #cards 512 size 80 coarsen threshold 460 Card regions per heap region 1 cards per card region 2048
 CPUs: 8 total, 8 available
 Memory: 7865M
 Large Page Support: Disabled
 NUMA Support: Disabled
 Compressed Oops: Enabled (32-bit)
 Heap Region Size: 1M
 Heap Min Capacity: 256M
 Heap Initial Capacity: 256M
 Heap Max Capacity: 512M
 Pre-touch: Disabled
 Parallel Workers: 8
 Concurrent Workers: 2
 Concurrent Refinement Workers: 8
 Periodic GC: Disabled
Heap:
 garbage-first heap   total 262144K, used 107618K [0x00000000e0000000, 0x0000000100000000)
  region size 1024K, 68 young (69632K), 15 survivors (15360K)
 Metaspace       used 61573K, committed 63552K, reserved 393216K
  class space    used 9035K, committed 9984K, reserved 327680K
GC Heap History (16 events):
Event: 1.542 GC heap before
{Heap before GC invocations=0 (full 0):
 garbage-first heap   total 262144K, used 22528K [0x00000000e0000000, 0x0000000100000000)
  region size 1024K, 23 young (23552K), 0 survivors (0K)
 Metaspace       used 956K, committed 1088K, reserved 393216K
  class space    used 79K, committed 128K, reserved 327680K
}
Event: 1.548 GC heap after
{Heap after GC invocations=1 (full 0):
 garbage-first heap   total 262144K, used 1791K [0x00000000e0000000, 0x0000000100000000)
  region size 1024K, 2 young (2048K), 2 survivors (2048K)
 Metaspace       used 956K, committed 1088K, reserved 393216K
  class space    used 79K, committed 128K, reserved 327680K
}
Event: 3.017 GC heap before
{Heap before GC invocations=1 (full 0):
 garbage-first heap   total 262144K, used 38655K [0x00000000e0000000, 0x0000000100000000)
  region size 1024K, 36 young (36864K), 2 survivors (2048K)
 Metaspace       used 4425K, committed 4608K, reserved 393216K
  class space    used 563K, committed 640K, reserved 327680K
}
Event: 3.023 GC heap after
{Heap after GC invocations=2 (full 0):
 garbage-first heap   total 262144K, used 10816K [0x00000000e0000000, 0x0000000100000000)
  region size 1024K, 5 young (5120K), 5 survivors (5120K)
 Metaspace       used 4425K, committed 4608K, reserved 393216K
  class space    used 563K, committed 640K, reserved 327680K
}
Event: 3.683 GC heap before
{Heap before GC invocations=2 (full 0):
 garbage-first heap   total 262144K, used 59968K [0x00000000e0000000, 0x0000000100000000)
  region size 1024K, 51 young (52224K), 5 survivors (5120K)
 Metaspace       used 4729K, committed 4928K, reserved 393216K
  class space    used 611K, committed 704K, reserved 327680K
}
Event: 3.690 GC heap after
{Heap after GC invocations=3 (full 0):
 garbage-first heap   total 262144K, used 16323K [0x00000000e0000000, 0x0000000100000000)
  region size 1024K, 5 young (5120K), 5 survivors (5120K)
 Metaspace       used 4729K, committed 4928K, reserved 393216K
  class space    used 611K, committed 704K, reserved 327680K
}
Event: 6.840 GC heap before
{Heap before GC invocations=3 (full 0):
 garbage-first heap   total 262144K, used 114627K [0x00000000e0000000, 0x0000000100000000)
  region size 1024K, 102 young (104448K), 5 survivors (5120K)
 Metaspace       used 20890K, committed 21504K, reserved 393216K
  class space    used 3095K, committed 3392K, reserved 327680K
}
Event: 6.853 GC heap after
{Heap after GC invocations=4 (full 0):
 garbage-first heap   total 262144K, used 24190K [0x00000000e0000000, 0x0000000100000000)
  region size 1024K, 12 young (12288K), 12 survivors (12288K)
 Metaspace       used 20890K, committed 21504K, reserved 393216K
  class space    used 3095K, committed 3392K, reserved 327680K
}
Event: 9.972 GC heap before
{Heap before GC invocations=5 (full 0):
 garbage-first heap   total 262144K, used 167550K [0x00000000e0000000, 0x0000000100000000)
  region size 1024K, 153 young (156672K), 12 survivors (12288K)
 Metaspace       used 31512K, committed 32448K, reserved 393216K
  class space    used 4676K, committed 5120K, reserved 327680K
}
Event: 9.993 GC heap after
{Heap after GC invocations=6 (full 0):
 garbage-first heap   total 262144K, used 33967K [0x00000000e0000000, 0x0000000100000000)
  region size 1024K, 18 young (18432K), 18 survivors (18432K)
 Metaspace       used 31512K, committed 32448K, reserved 393216K
  class space    used 4676K, committed 5120K, reserved 327680K
}
Event: 11.676 GC heap before
{Heap before GC invocations=6 (full 0):
 garbage-first heap   total 262144K, used 143535K [0x00000000e0000000, 0x0000000100000000)
  region size 1024K, 126 young (129024K), 18 survivors (18432K)
 Metaspace       used 35016K, committed 35968K, reserved 393216K
  class space    used 5118K, committed 5568K, reserved 327680K
}
Event: 11.694 GC heap after
{Heap after GC invocations=7 (full 0):
 garbage-first heap   total 262144K, used 38876K [0x00000000e0000000, 0x0000000100000000)
  region size 1024K, 15 young (15360K), 15 survivors (15360K)
 Metaspace       used 35016K, committed 35968K, reserved 393216K
  class space    used 5118K, committed 5568K, reserved 327680K
}
Event: 23.316 GC heap before
{Heap before GC invocations=8 (full 0):
 garbage-first heap   total 262144K, used 186332K [0x00000000e0000000, 0x0000000100000000)
  region size 1024K, 153 young (156672K), 15 survivors (15360K)
 Metaspace       used 53022K, committed 54720K, reserved 393216K
  class space    used 7624K, committed 8448K, reserved 327680K
}
Event: 23.335 GC heap after
{Heap after GC invocations=9 (full 0):
 garbage-first heap   total 262144K, used 50162K [0x00000000e0000000, 0x0000000100000000)
  region size 1024K, 17 young (17408K), 17 survivors (17408K)
 Metaspace       used 53022K, committed 54720K, reserved 393216K
  class space    used 7624K, committed 8448K, reserved 327680K
}
Event: 24.859 GC heap before
{Heap before GC invocations=9 (full 0):
 garbage-first heap   total 262144K, used 110578K [0x00000000e0000000, 0x0000000100000000)
  region size 1024K, 77 young (78848K), 17 survivors (17408K)
 Metaspace       used 58431K, committed 60288K, reserved 393216K
  class space    used 8495K, committed 9408K, reserved 327680K
}
Event: 24.874 GC heap after
{Heap after GC invocations=10 (full 0):
 garbage-first heap   total 262144K, used 54370K [0x00000000e0000000, 0x0000000100000000)
  region size 1024K, 15 young (15360K), 15 survivors (15360K)
 Metaspace       used 58431K, committed 60288K, reserved 393216K
  class space    used 8495K, committed 9408K, reserved 327680K
}

