# JRE version: OpenJDK Runtime Environment Temurin-21.0.10+7 (21.0.10+7) (build 21.0.10+7-LTS)
# Java VM: OpenJDK 64-Bit Server VM Temurin-21.0.10+7 (21.0.10+7-LTS, mixed mode, sharing, tiered, compressed oops, compressed class ptrs, parallel gc, windows-amd64)
GC Precious Log:
 CardTable entry size: 512
 CPUs: 8 total, 8 available
 Memory: 7865M
 Large Page Support: Disabled
 NUMA Support: Disabled
 Compressed Oops: Enabled (32-bit)
 Alignments: Space 512K, Generation 512K, Heap 2M
 Heap Min Capacity: 100M
 Heap Initial Capacity: 100M
 Heap Max Capacity: 2G
 Pre-touch: Disabled
 Parallel Workers: 8
Heap:
 PSYoungGen      total 15360K, used 15347K [0x00000000d5580000, 0x00000000d6800000, 0x0000000100000000)
  eden space 14848K, 100% used [0x00000000d5580000,0x00000000d6400000,0x00000000d6400000)
  from space 512K, 97% used [0x00000000d6700000,0x00000000d677cf90,0x00000000d6780000)
  to   space 512K, 0% used [0x00000000d6780000,0x00000000d6780000,0x00000000d6800000)
 ParOldGen       total 74240K, used 74170K [0x0000000080000000, 0x0000000084880000, 0x00000000d5580000)
  object space 74240K, 99% used [0x0000000080000000,0x000000008486e8d8,0x0000000084880000)
 Metaspace       used 63490K, committed 64960K, reserved 1114112K
  class space    used 6600K, committed 7168K, reserved 1048576K
GC Heap History (20 events):
Event: 13.870 GC heap before
{Heap before GC invocations=44 (full 3):
 PSYoungGen      total 18432K, used 18404K [0x00000000d5580000, 0x00000000d7d80000, 0x0000000100000000)
  eden space 14848K, 99% used [0x00000000d5580000,0x00000000d63ff320,0x00000000d6400000)
  from space 3584K, 99% used [0x00000000d6e00000,0x00000000d7179de8,0x00000000d7180000)
  to   space 10240K, 0% used [0x00000000d6400000,0x00000000d6400000,0x00000000d6e00000)
 ParOldGen       total 68608K, used 64038K [0x0000000080000000, 0x0000000084300000, 0x00000000d5580000)
  object space 68608K, 93% used [0x0000000080000000,0x0000000083e898d8,0x0000000084300000)
 Metaspace       used 60408K, committed 61760K, reserved 1114112K
  class space    used 6282K, committed 6848K, reserved 1048576K
}
Event: 13.874 GC heap after
{Heap after GC invocations=44 (full 3):
 PSYoungGen      total 16896K, used 1780K [0x00000000d5580000, 0x00000000d6e80000, 0x0000000100000000)
  eden space 14848K, 0% used [0x00000000d5580000,0x00000000d5580000,0x00000000d6400000)
  from space 2048K, 86% used [0x00000000d6400000,0x00000000d65bd3b8,0x00000000d6600000)
  to   space 4608K, 0% used [0x00000000d6a00000,0x00000000d6a00000,0x00000000d6e80000)
 ParOldGen       total 68608K, used 64719K [0x0000000080000000, 0x0000000084300000, 0x00000000d5580000)
  object space 68608K, 94% used [0x0000000080000000,0x0000000083f33f70,0x0000000084300000)
 Metaspace       used 60408K, committed 61760K, reserved 1114112K
  class space    used 6282K, committed 6848K, reserved 1048576K
}
Event: 14.084 GC heap before
{Heap before GC invocations=45 (full 3):
 PSYoungGen      total 16896K, used 16628K [0x00000000d5580000, 0x00000000d6e80000, 0x0000000100000000)
  eden space 14848K, 100% used [0x00000000d5580000,0x00000000d6400000,0x00000000d6400000)
  from space 2048K, 86% used [0x00000000d6400000,0x00000000d65bd3b8,0x00000000d6600000)
  to   space 4608K, 0% used [0x00000000d6a00000,0x00000000d6a00000,0x00000000d6e80000)
 ParOldGen       total 68608K, used 64719K [0x0000000080000000, 0x0000000084300000, 0x00000000d5580000)
  object space 68608K, 94% used [0x0000000080000000,0x0000000083f33f70,0x0000000084300000)
 Metaspace       used 61158K, committed 62464K, reserved 1114112K
  class space    used 6381K, committed 6912K, reserved 1048576K
}
Event: 14.089 GC heap after
{Heap after GC invocations=45 (full 3):
 PSYoungGen      total 15872K, used 776K [0x00000000d5580000, 0x00000000d6b00000, 0x0000000100000000)
  eden space 14848K, 0% used [0x00000000d5580000,0x00000000d5580000,0x00000000d6400000)
  from space 1024K, 75% used [0x00000000d6a00000,0x00000000d6ac21d8,0x00000000d6b00000)
  to   space 2048K, 0% used [0x00000000d6700000,0x00000000d6700000,0x00000000d6900000)
 ParOldGen       total 68608K, used 66373K [0x0000000080000000, 0x0000000084300000, 0x00000000d5580000)
  object space 68608K, 96% used [0x0000000080000000,0x00000000840d14a0,0x0000000084300000)
 Metaspace       used 61158K, committed 62464K, reserved 1114112K
  class space    used 6381K, committed 6912K, reserved 1048576K
}
Event: 14.596 GC heap before
{Heap before GC invocations=46 (full 3):
 PSYoungGen      total 15872K, used 15624K [0x00000000d5580000, 0x00000000d6b00000, 0x0000000100000000)
  eden space 14848K, 100% used [0x00000000d5580000,0x00000000d6400000,0x00000000d6400000)
  from space 1024K, 75% used [0x00000000d6a00000,0x00000000d6ac21d8,0x00000000d6b00000)
  to   space 2048K, 0% used [0x00000000d6700000,0x00000000d6700000,0x00000000d6900000)
 ParOldGen       total 68608K, used 66493K [0x0000000080000000, 0x0000000084300000, 0x00000000d5580000)
  object space 68608K, 96% used [0x0000000080000000,0x00000000840ef448,0x0000000084300000)
 Metaspace       used 62052K, committed 63360K, reserved 1114112K
  class space    used 6492K, committed 7040K, reserved 1048576K
}
Event: 14.598 GC heap after
{Heap after GC invocations=46 (full 3):
 PSYoungGen      total 16896K, used 621K [0x00000000d5580000, 0x00000000d6a80000, 0x0000000100000000)
  eden space 14848K, 0% used [0x00000000d5580000,0x00000000d5580000,0x00000000d6400000)
  from space 2048K, 30% used [0x00000000d6700000,0x00000000d679b620,0x00000000d6900000)
  to   space 1024K, 0% used [0x00000000d6980000,0x00000000d6980000,0x00000000d6a80000)
 ParOldGen       total 68608K, used 66807K [0x0000000080000000, 0x0000000084300000, 0x00000000d5580000)
  object space 68608K, 97% used [0x0000000080000000,0x000000008413dd28,0x0000000084300000)
 Metaspace       used 62052K, committed 63360K, reserved 1114112K
  class space    used 6492K, committed 7040K, reserved 1048576K
}
Event: 14.890 GC heap before
{Heap before GC invocations=47 (full 3):
 PSYoungGen      total 16896K, used 15469K [0x00000000d5580000, 0x00000000d6a80000, 0x0000000100000000)
  eden space 14848K, 100% used [0x00000000d5580000,0x00000000d6400000,0x00000000d6400000)
  from space 2048K, 30% used [0x00000000d6700000,0x00000000d679b620,0x00000000d6900000)
  to   space 1024K, 0% used [0x00000000d6980000,0x00000000d6980000,0x00000000d6a80000)
 ParOldGen       total 68608K, used 66811K [0x0000000080000000, 0x0000000084300000, 0x00000000d5580000)
  object space 68608K, 97% used [0x0000000080000000,0x000000008413ed60,0x0000000084300000)
 Metaspace       used 62744K, committed 64128K, reserved 1114112K
  class space    used 6556K, committed 7104K, reserved 1048576K
}
Event: 14.892 GC heap after
{Heap after GC invocations=47 (full 3):
 PSYoungGen      total 15872K, used 1005K [0x00000000d5580000, 0x00000000d6a80000, 0x0000000100000000)
  eden space 14848K, 0% used [0x00000000d5580000,0x00000000d5580000,0x00000000d6400000)
  from space 1024K, 98% used [0x00000000d6980000,0x00000000d6a7b460,0x00000000d6a80000)
  to   space 2048K, 0% used [0x00000000d6680000,0x00000000d6680000,0x00000000d6880000)
 ParOldGen       total 68608K, used 67405K [0x0000000080000000, 0x0000000084300000, 0x00000000d5580000)
  object space 68608K, 98% used [0x0000000080000000,0x00000000841d3560,0x0000000084300000)
 Metaspace       used 62744K, committed 64128K, reserved 1114112K
  class space    used 6556K, committed 7104K, reserved 1048576K
}
Event: 14.987 GC heap before
{Heap before GC invocations=48 (full 3):
 PSYoungGen      total 15872K, used 15829K [0x00000000d5580000, 0x00000000d6a80000, 0x0000000100000000)
  eden space 14848K, 99% used [0x00000000d5580000,0x00000000d63fa0f0,0x00000000d6400000)
  from space 1024K, 98% used [0x00000000d6980000,0x00000000d6a7b460,0x00000000d6a80000)
  to   space 2048K, 0% used [0x00000000d6680000,0x00000000d6680000,0x00000000d6880000)
 ParOldGen       total 68608K, used 67437K [0x0000000080000000, 0x0000000084300000, 0x00000000d5580000)
  object space 68608K, 98% used [0x0000000080000000,0x00000000841db698,0x0000000084300000)
 Metaspace       used 62949K, committed 64320K, reserved 1114112K
  class space    used 6573K, committed 7104K, reserved 1048576K
}
Event: 14.994 GC heap after
{Heap after GC invocations=48 (full 3):
 PSYoungGen      total 16896K, used 2035K [0x00000000d5580000, 0x00000000d6d00000, 0x0000000100000000)
  eden space 14848K, 0% used [0x00000000d5580000,0x00000000d5580000,0x00000000d6400000)
  from space 2048K, 99% used [0x00000000d6680000,0x00000000d687cd98,0x00000000d6880000)
  to   space 4608K, 0% used [0x00000000d6880000,0x00000000d6880000,0x00000000d6d00000)
 ParOldGen       total 69632K, used 69390K [0x0000000080000000, 0x0000000084400000, 0x00000000d5580000)
  object space 69632K, 99% used [0x0000000080000000,0x00000000843c3a28,0x0000000084400000)
 Metaspace       used 62949K, committed 64320K, reserved 1114112K
  class space    used 6573K, committed 7104K, reserved 1048576K
}
Event: 15.136 GC heap before
{Heap before GC invocations=49 (full 3):
 PSYoungGen      total 16896K, used 16883K [0x00000000d5580000, 0x00000000d6d00000, 0x0000000100000000)
  eden space 14848K, 100% used [0x00000000d5580000,0x00000000d6400000,0x00000000d6400000)
  from space 2048K, 99% used [0x00000000d6680000,0x00000000d687cd98,0x00000000d6880000)
  to   space 4608K, 0% used [0x00000000d6880000,0x00000000d6880000,0x00000000d6d00000)
 ParOldGen       total 69632K, used 69392K [0x0000000080000000, 0x0000000084400000, 0x00000000d5580000)
  object space 69632K, 99% used [0x0000000080000000,0x00000000843c43c8,0x0000000084400000)
 Metaspace       used 63359K, committed 64832K, reserved 1114112K
  class space    used 6593K, committed 7168K, reserved 1048576K
}
Event: 15.141 GC heap after
{Heap after GC invocations=49 (full 3):
 PSYoungGen      total 15872K, used 869K [0x00000000d5580000, 0x00000000d6980000, 0x0000000100000000)
  eden space 14848K, 0% used [0x00000000d5580000,0x00000000d5580000,0x00000000d6400000)
  from space 1024K, 84% used [0x00000000d6880000,0x00000000d6959710,0x00000000d6980000)
  to   space 2048K, 0% used [0x00000000d6580000,0x00000000d6580000,0x00000000d6780000)
 ParOldGen       total 71680K, used 71344K [0x0000000080000000, 0x0000000084600000, 0x00000000d5580000)
  object space 71680K, 99% used [0x0000000080000000,0x00000000845ac3c8,0x0000000084600000)
 Metaspace       used 63359K, committed 64832K, reserved 1114112K
  class space    used 6593K, committed 7168K, reserved 1048576K
}
Event: 15.296 GC heap before
{Heap before GC invocations=50 (full 3):
 PSYoungGen      total 15872K, used 15717K [0x00000000d5580000, 0x00000000d6980000, 0x0000000100000000)
  eden space 14848K, 100% used [0x00000000d5580000,0x00000000d6400000,0x00000000d6400000)
  from space 1024K, 84% used [0x00000000d6880000,0x00000000d6959710,0x00000000d6980000)
  to   space 2048K, 0% used [0x00000000d6580000,0x00000000d6580000,0x00000000d6780000)
 ParOldGen       total 71680K, used 71344K [0x0000000080000000, 0x0000000084600000, 0x00000000d5580000)
  object space 71680K, 99% used [0x0000000080000000,0x00000000845ac3c8,0x0000000084600000)
 Metaspace       used 63430K, committed 64896K, reserved 1114112K
  class space    used 6597K, committed 7168K, reserved 1048576K
}
Event: 15.298 GC heap after
{Heap after GC invocations=50 (full 3):
 PSYoungGen      total 16896K, used 936K [0x00000000d5580000, 0x00000000d6900000, 0x0000000100000000)
  eden space 14848K, 0% used [0x00000000d5580000,0x00000000d5580000,0x00000000d6400000)
  from space 2048K, 45% used [0x00000000d6580000,0x00000000d666a020,0x00000000d6780000)
  to   space 1536K, 0% used [0x00000000d6780000,0x00000000d6780000,0x00000000d6900000)
 ParOldGen       total 72192K, used 71822K [0x0000000080000000, 0x0000000084680000, 0x00000000d5580000)
  object space 72192K, 99% used [0x0000000080000000,0x0000000084623b58,0x0000000084680000)
 Metaspace       used 63430K, committed 64896K, reserved 1114112K
  class space    used 6597K, committed 7168K, reserved 1048576K
}
Event: 15.402 GC heap before
{Heap before GC invocations=51 (full 3):
 PSYoungGen      total 16896K, used 15784K [0x00000000d5580000, 0x00000000d6900000, 0x0000000100000000)
  eden space 14848K, 100% used [0x00000000d5580000,0x00000000d6400000,0x00000000d6400000)
  from space 2048K, 45% used [0x00000000d6580000,0x00000000d666a020,0x00000000d6780000)
  to   space 1536K, 0% used [0x00000000d6780000,0x00000000d6780000,0x00000000d6900000)
 ParOldGen       total 72192K, used 71822K [0x0000000080000000, 0x0000000084680000, 0x00000000d5580000)
  object space 72192K, 99% used [0x0000000080000000,0x0000000084623b58,0x0000000084680000)
 Metaspace       used 63434K, committed 64896K, reserved 1114112K
  class space    used 6597K, committed 7168K, reserved 1048576K
}
Event: 15.404 GC heap after
{Heap after GC invocations=51 (full 3):
 PSYoungGen      total 15872K, used 795K [0x00000000d5580000, 0x00000000d6880000, 0x0000000100000000)
  eden space 14848K, 0% used [0x00000000d5580000,0x00000000d5580000,0x00000000d6400000)
  from space 1024K, 77% used [0x00000000d6780000,0x00000000d6846e38,0x00000000d6880000)
  to   space 1024K, 0% used [0x00000000d6680000,0x00000000d6680000,0x00000000d6780000)
 ParOldGen       total 72704K, used 72468K [0x0000000080000000, 0x0000000084700000, 0x00000000d5580000)
  object space 72704K, 99% used [0x0000000080000000,0x00000000846c51a0,0x0000000084700000)
 Metaspace       used 63434K, committed 64896K, reserved 1114112K
  class space    used 6597K, committed 7168K, reserved 1048576K
}
Event: 15.459 GC heap before
{Heap before GC invocations=52 (full 3):
 PSYoungGen      total 15872K, used 15643K [0x00000000d5580000, 0x00000000d6880000, 0x0000000100000000)
  eden space 14848K, 100% used [0x00000000d5580000,0x00000000d6400000,0x00000000d6400000)
  from space 1024K, 77% used [0x00000000d6780000,0x00000000d6846e38,0x00000000d6880000)
  to   space 1024K, 0% used [0x00000000d6680000,0x00000000d6680000,0x00000000d6780000)
 ParOldGen       total 72704K, used 72468K [0x0000000080000000, 0x0000000084700000, 0x00000000d5580000)
  object space 72704K, 99% used [0x0000000080000000,0x00000000846c51a0,0x0000000084700000)
 Metaspace       used 63434K, committed 64896K, reserved 1114112K
  class space    used 6597K, committed 7168K, reserved 1048576K
}
Event: 15.462 GC heap after
{Heap after GC invocations=52 (full 3):
 PSYoungGen      total 15872K, used 613K [0x00000000d5580000, 0x00000000d6800000, 0x0000000100000000)
  eden space 14848K, 0% used [0x00000000d5580000,0x00000000d5580000,0x00000000d6400000)
  from space 1024K, 59% used [0x00000000d6680000,0x00000000d6719548,0x00000000d6780000)
  to   space 512K, 0% used [0x00000000d6780000,0x00000000d6780000,0x00000000d6800000)
 ParOldGen       total 73216K, used 72796K [0x0000000080000000, 0x0000000084780000, 0x00000000d5580000)
  object space 73216K, 99% used [0x0000000080000000,0x00000000847170c0,0x0000000084780000)
 Metaspace       used 63434K, committed 64896K, reserved 1114112K
  class space    used 6597K, committed 7168K, reserved 1048576K
}
Event: 15.541 GC heap before
{Heap before GC invocations=53 (full 3):
 PSYoungGen      total 15872K, used 15461K [0x00000000d5580000, 0x00000000d6800000, 0x0000000100000000)
  eden space 14848K, 100% used [0x00000000d5580000,0x00000000d6400000,0x00000000d6400000)
  from space 1024K, 59% used [0x00000000d6680000,0x00000000d6719548,0x00000000d6780000)
  to   space 512K, 0% used [0x00000000d6780000,0x00000000d6780000,0x00000000d6800000)
 ParOldGen       total 73216K, used 72796K [0x0000000080000000, 0x0000000084780000, 0x00000000d5580000)
  object space 73216K, 99% used [0x0000000080000000,0x00000000847170c0,0x0000000084780000)
 Metaspace       used 63436K, committed 64896K, reserved 1114112K
  class space    used 6597K, committed 7168K, reserved 1048576K
}
Event: 15.544 GC heap after
{Heap after GC invocations=53 (full 3):
 PSYoungGen      total 15360K, used 424K [0x00000000d5580000, 0x00000000d6800000, 0x0000000100000000)
  eden space 14848K, 0% used [0x00000000d5580000,0x00000000d5580000,0x00000000d6400000)
  from space 512K, 82% used [0x00000000d6780000,0x00000000d67ea300,0x00000000d6800000)
  to   space 512K, 0% used [0x00000000d6700000,0x00000000d6700000,0x00000000d6780000)
 ParOldGen       total 73728K, used 73290K [0x0000000080000000, 0x0000000084800000, 0x00000000d5580000)
  object space 73728K, 99% used [0x0000000080000000,0x0000000084792998,0x0000000084800000)
 Metaspace       used 63436K, committed 64896K, reserved 1114112K
  class space    used 6597K, committed 7168K, reserved 1048576K
}

