# JRE version: OpenJDK Runtime Environment Temurin-21.0.10+7 (21.0.10+7) (build 21.0.10+7-LTS)
# Java VM: OpenJDK 64-Bit Server VM Temurin-21.0.10+7 (21.0.10+7-LTS, mixed mode, sharing, tiered, compressed oops, compressed class ptrs, parallel gc, windows-amd64)
GC Precious Log:
 CardTable entry size: 512
 CPUs: 8 total, 8 available
 Memory: 7865M
 Large Page Support: Disabled
 NUMA Support: Disabled
 Compressed Oops: Enabled (32-bit)
 Alignments: Space 512K, Generation 512K, Heap 2M
 Heap Min Capacity: 100M
 Heap Initial Capacity: 100M
 Heap Max Capacity: 2G
 Pre-touch: Disabled
 Parallel Workers: 8
Heap:
 PSYoungGen      total 3072K, used 2917K [0x00000000d5580000, 0x00000000d5980000, 0x0000000100000000)
  eden space 2560K, 98% used [0x00000000d5580000,0x00000000d57f9740,0x00000000d5800000)
  from space 512K, 75% used [0x00000000d5900000,0x00000000d5960000,0x00000000d5980000)
  to   space 512K, 93% used [0x00000000d5880000,0x00000000d58f8000,0x00000000d5900000)
 ParOldGen       total 470016K, used 469732K [0x0000000080000000, 0x000000009cb00000, 0x00000000d5580000)
  object space 470016K, 99% used [0x0000000080000000,0x000000009cab92c0,0x000000009cb00000)
 Metaspace       used 81184K, committed 82944K, reserved 1179648K
  class space    used 9663K, committed 10432K, reserved 1048576K
GC Heap History (20 events):
Event: 28.549 GC heap before
{Heap before GC invocations=495 (full 3):
 PSYoungGen      total 3072K, used 3072K [0x00000000d5580000, 0x00000000d5a00000, 0x0000000100000000)
  eden space 2560K, 100% used [0x00000000d5580000,0x00000000d5800000,0x00000000d5800000)
  from space 512K, 100% used [0x00000000d5880000,0x00000000d5900000,0x00000000d5900000)
  to   space 1024K, 0% used [0x00000000d5900000,0x00000000d5900000,0x00000000d5a00000)
 ParOldGen       total 462848K, used 462734K [0x0000000080000000, 0x000000009c400000, 0x00000000d5580000)
  object space 462848K, 99% used [0x0000000080000000,0x000000009c3e3970,0x000000009c400000)
 Metaspace       used 81106K, committed 82880K, reserved 1179648K
  class space    used 9658K, committed 10432K, reserved 1048576K
}
Event: 28.552 GC heap after
{Heap after GC invocations=495 (full 3):
 PSYoungGen      total 3584K, used 544K [0x00000000d5580000, 0x00000000d5a00000, 0x0000000100000000)
  eden space 2560K, 0% used [0x00000000d5580000,0x00000000d5580000,0x00000000d5800000)
  from space 1024K, 53% used [0x00000000d5900000,0x00000000d5988000,0x00000000d5a00000)
  to   space 1024K, 0% used [0x00000000d5800000,0x00000000d5800000,0x00000000d5900000)
 ParOldGen       total 463360K, used 463230K [0x0000000080000000, 0x000000009c480000, 0x00000000d5580000)
  object space 463360K, 99% used [0x0000000080000000,0x000000009c45f970,0x000000009c480000)
 Metaspace       used 81106K, committed 82880K, reserved 1179648K
  class space    used 9658K, committed 10432K, reserved 1048576K
}
Event: 28.571 GC heap before
{Heap before GC invocations=496 (full 3):
 PSYoungGen      total 3584K, used 3104K [0x00000000d5580000, 0x00000000d5a00000, 0x0000000100000000)
  eden space 2560K, 100% used [0x00000000d5580000,0x00000000d5800000,0x00000000d5800000)
  from space 1024K, 53% used [0x00000000d5900000,0x00000000d5988000,0x00000000d5a00000)
  to   space 1024K, 0% used [0x00000000d5800000,0x00000000d5800000,0x00000000d5900000)
 ParOldGen       total 463360K, used 463230K [0x0000000080000000, 0x000000009c480000, 0x00000000d5580000)
  object space 463360K, 99% used [0x0000000080000000,0x000000009c45f970,0x000000009c480000)
 Metaspace       used 81109K, committed 82880K, reserved 1179648K
  class space    used 9659K, committed 10432K, reserved 1048576K
}
Event: 28.575 GC heap after
{Heap after GC invocations=496 (full 3):
 PSYoungGen      total 3584K, used 576K [0x00000000d5580000, 0x00000000d5a00000, 0x0000000100000000)
  eden space 2560K, 0% used [0x00000000d5580000,0x00000000d5580000,0x00000000d5800000)
  from space 1024K, 56% used [0x00000000d5800000,0x00000000d5890000,0x00000000d5900000)
  to   space 1024K, 0% used [0x00000000d5900000,0x00000000d5900000,0x00000000d5a00000)
 ParOldGen       total 463872K, used 463678K [0x0000000080000000, 0x000000009c500000, 0x00000000d5580000)
  object space 463872K, 99% used [0x0000000080000000,0x000000009c4cf970,0x000000009c500000)
 Metaspace       used 81109K, committed 82880K, reserved 1179648K
  class space    used 9659K, committed 10432K, reserved 1048576K
}
Event: 28.598 GC heap before
{Heap before GC invocations=497 (full 3):
 PSYoungGen      total 3584K, used 3136K [0x00000000d5580000, 0x00000000d5a00000, 0x0000000100000000)
  eden space 2560K, 100% used [0x00000000d5580000,0x00000000d5800000,0x00000000d5800000)
  from space 1024K, 56% used [0x00000000d5800000,0x00000000d5890000,0x00000000d5900000)
  to   space 1024K, 0% used [0x00000000d5900000,0x00000000d5900000,0x00000000d5a00000)
 ParOldGen       total 463872K, used 463678K [0x0000000080000000, 0x000000009c500000, 0x00000000d5580000)
  object space 463872K, 99% used [0x0000000080000000,0x000000009c4cf970,0x000000009c500000)
 Metaspace       used 81109K, committed 82880K, reserved 1179648K
  class space    used 9659K, committed 10432K, reserved 1048576K
}
Event: 28.601 GC heap after
{Heap after GC invocations=497 (full 3):
 PSYoungGen      total 3072K, used 448K [0x00000000d5580000, 0x00000000d5980000, 0x0000000100000000)
  eden space 2560K, 0% used [0x00000000d5580000,0x00000000d5580000,0x00000000d5800000)
  from space 512K, 87% used [0x00000000d5900000,0x00000000d5970000,0x00000000d5980000)
  to   space 512K, 0% used [0x00000000d5880000,0x00000000d5880000,0x00000000d5900000)
 ParOldGen       total 464384K, used 464126K [0x0000000080000000, 0x000000009c580000, 0x00000000d5580000)
  object space 464384K, 99% used [0x0000000080000000,0x000000009c53f980,0x000000009c580000)
 Metaspace       used 81109K, committed 82880K, reserved 1179648K
  class space    used 9659K, committed 10432K, reserved 1048576K
}
Event: 28.617 GC heap before
{Heap before GC invocations=498 (full 3):
 PSYoungGen      total 3072K, used 3008K [0x00000000d5580000, 0x00000000d5980000, 0x0000000100000000)
  eden space 2560K, 100% used [0x00000000d5580000,0x00000000d5800000,0x00000000d5800000)
  from space 512K, 87% used [0x00000000d5900000,0x00000000d5970000,0x00000000d5980000)
  to   space 512K, 0% used [0x00000000d5880000,0x00000000d5880000,0x00000000d5900000)
 ParOldGen       total 464384K, used 464126K [0x0000000080000000, 0x000000009c580000, 0x00000000d5580000)
  object space 464384K, 99% used [0x0000000080000000,0x000000009c53f980,0x000000009c580000)
 Metaspace       used 81109K, committed 82880K, reserved 1179648K
  class space    used 9659K, committed 10432K, reserved 1048576K
}
Event: 28.619 GC heap after
{Heap after GC invocations=498 (full 3):
 PSYoungGen      total 3072K, used 512K [0x00000000d5580000, 0x00000000d5a00000, 0x0000000100000000)
  eden space 2560K, 0% used [0x00000000d5580000,0x00000000d5580000,0x00000000d5800000)
  from space 512K, 100% used [0x00000000d5880000,0x00000000d5900000,0x00000000d5900000)
  to   space 1024K, 0% used [0x00000000d5900000,0x00000000d5900000,0x00000000d5a00000)
 ParOldGen       total 464896K, used 464414K [0x0000000080000000, 0x000000009c600000, 0x00000000d5580000)
  object space 464896K, 99% used [0x0000000080000000,0x000000009c587980,0x000000009c600000)
 Metaspace       used 81109K, committed 82880K, reserved 1179648K
  class space    used 9659K, committed 10432K, reserved 1048576K
}
Event: 28.635 GC heap before
{Heap before GC invocations=499 (full 3):
 PSYoungGen      total 3072K, used 3072K [0x00000000d5580000, 0x00000000d5a00000, 0x0000000100000000)
  eden space 2560K, 100% used [0x00000000d5580000,0x00000000d5800000,0x00000000d5800000)
  from space 512K, 100% used [0x00000000d5880000,0x00000000d5900000,0x00000000d5900000)
  to   space 1024K, 0% used [0x00000000d5900000,0x00000000d5900000,0x00000000d5a00000)
 ParOldGen       total 464896K, used 464414K [0x0000000080000000, 0x000000009c600000, 0x00000000d5580000)
  object space 464896K, 99% used [0x0000000080000000,0x000000009c587980,0x000000009c600000)
 Metaspace       used 81110K, committed 82880K, reserved 1179648K
  class space    used 9659K, committed 10432K, reserved 1048576K
}
Event: 28.638 GC heap after
{Heap after GC invocations=499 (full 3):
 PSYoungGen      total 3072K, used 496K [0x00000000d5580000, 0x00000000d5980000, 0x0000000100000000)
  eden space 2560K, 0% used [0x00000000d5580000,0x00000000d5580000,0x00000000d5800000)
  from space 512K, 96% used [0x00000000d5900000,0x00000000d597c010,0x00000000d5980000)
  to   space 512K, 0% used [0x00000000d5880000,0x00000000d5880000,0x00000000d5900000)
 ParOldGen       total 464896K, used 464766K [0x0000000080000000, 0x000000009c600000, 0x00000000d5580000)
  object space 464896K, 99% used [0x0000000080000000,0x000000009c5df990,0x000000009c600000)
 Metaspace       used 81110K, committed 82880K, reserved 1179648K
  class space    used 9659K, committed 10432K, reserved 1048576K
}
Event: 28.830 GC heap before
{Heap before GC invocations=500 (full 3):
 PSYoungGen      total 3072K, used 3056K [0x00000000d5580000, 0x00000000d5980000, 0x0000000100000000)
  eden space 2560K, 100% used [0x00000000d5580000,0x00000000d5800000,0x00000000d5800000)
  from space 512K, 96% used [0x00000000d5900000,0x00000000d597c010,0x00000000d5980000)
  to   space 512K, 0% used [0x00000000d5880000,0x00000000d5880000,0x00000000d5900000)
 ParOldGen       total 464896K, used 464766K [0x0000000080000000, 0x000000009c600000, 0x00000000d5580000)
  object space 464896K, 99% used [0x0000000080000000,0x000000009c5df990,0x000000009c600000)
 Metaspace       used 81134K, committed 82880K, reserved 1179648K
  class space    used 9659K, committed 10432K, reserved 1048576K
}
Event: 28.833 GC heap after
{Heap after GC invocations=500 (full 3):
 PSYoungGen      total 3072K, used 512K [0x00000000d5580000, 0x00000000d5a00000, 0x0000000100000000)
  eden space 2560K, 0% used [0x00000000d5580000,0x00000000d5580000,0x00000000d5800000)
  from space 512K, 100% used [0x00000000d5880000,0x00000000d5900000,0x00000000d5900000)
  to   space 1024K, 0% used [0x00000000d5900000,0x00000000d5900000,0x00000000d5a00000)
 ParOldGen       total 465408K, used 465142K [0x0000000080000000, 0x000000009c680000, 0x00000000d5580000)
  object space 465408K, 99% used [0x0000000080000000,0x000000009c63d9a0,0x000000009c680000)
 Metaspace       used 81134K, committed 82880K, reserved 1179648K
  class space    used 9659K, committed 10432K, reserved 1048576K
}
Event: 28.899 GC heap before
{Heap before GC invocations=501 (full 3):
 PSYoungGen      total 3072K, used 3072K [0x00000000d5580000, 0x00000000d5a00000, 0x0000000100000000)
  eden space 2560K, 100% used [0x00000000d5580000,0x00000000d5800000,0x00000000d5800000)
  from space 512K, 100% used [0x00000000d5880000,0x00000000d5900000,0x00000000d5900000)
  to   space 1024K, 0% used [0x00000000d5900000,0x00000000d5900000,0x00000000d5a00000)
 ParOldGen       total 465408K, used 465142K [0x0000000080000000, 0x000000009c680000, 0x00000000d5580000)
  object space 465408K, 99% used [0x0000000080000000,0x000000009c63d9a0,0x000000009c680000)
 Metaspace       used 81164K, committed 82880K, reserved 1179648K
  class space    used 9662K, committed 10432K, reserved 1048576K
}
Event: 28.901 GC heap after
{Heap after GC invocations=501 (full 3):
 PSYoungGen      total 3584K, used 512K [0x00000000d5580000, 0x00000000d5a00000, 0x0000000100000000)
  eden space 2560K, 0% used [0x00000000d5580000,0x00000000d5580000,0x00000000d5800000)
  from space 1024K, 50% used [0x00000000d5900000,0x00000000d5980000,0x00000000d5a00000)
  to   space 1024K, 0% used [0x00000000d5800000,0x00000000d5800000,0x00000000d5900000)
 ParOldGen       total 465920K, used 465494K [0x0000000080000000, 0x000000009c700000, 0x00000000d5580000)
  object space 465920K, 99% used [0x0000000080000000,0x000000009c6959a0,0x000000009c700000)
 Metaspace       used 81164K, committed 82880K, reserved 1179648K
  class space    used 9662K, committed 10432K, reserved 1048576K
}
Event: 28.919 GC heap before
{Heap before GC invocations=502 (full 3):
 PSYoungGen      total 3584K, used 3064K [0x00000000d5580000, 0x00000000d5a00000, 0x0000000100000000)
  eden space 2560K, 99% used [0x00000000d5580000,0x00000000d57fe088,0x00000000d5800000)
  from space 1024K, 50% used [0x00000000d5900000,0x00000000d5980000,0x00000000d5a00000)
  to   space 1024K, 0% used [0x00000000d5800000,0x00000000d5800000,0x00000000d5900000)
 ParOldGen       total 465920K, used 465494K [0x0000000080000000, 0x000000009c700000, 0x00000000d5580000)
  object space 465920K, 99% used [0x0000000080000000,0x000000009c6959a0,0x000000009c700000)
 Metaspace       used 81169K, committed 82944K, reserved 1179648K
  class space    used 9662K, committed 10432K, reserved 1048576K
}
Event: 28.921 GC heap after
{Heap after GC invocations=502 (full 3):
 PSYoungGen      total 3584K, used 224K [0x00000000d5580000, 0x00000000d5980000, 0x0000000100000000)
  eden space 2560K, 0% used [0x00000000d5580000,0x00000000d5580000,0x00000000d5800000)
  from space 1024K, 21% used [0x00000000d5800000,0x00000000d5838000,0x00000000d5900000)
  to   space 512K, 0% used [0x00000000d5900000,0x00000000d5900000,0x00000000d5980000)
 ParOldGen       total 465920K, used 465782K [0x0000000080000000, 0x000000009c700000, 0x00000000d5580000)
  object space 465920K, 99% used [0x0000000080000000,0x000000009c6dd9a0,0x000000009c700000)
 Metaspace       used 81169K, committed 82944K, reserved 1179648K
  class space    used 9662K, committed 10432K, reserved 1048576K
}
Event: 28.929 GC heap before
{Heap before GC invocations=503 (full 3):
 PSYoungGen      total 3584K, used 2784K [0x00000000d5580000, 0x00000000d5980000, 0x0000000100000000)
  eden space 2560K, 100% used [0x00000000d5580000,0x00000000d5800000,0x00000000d5800000)
  from space 1024K, 21% used [0x00000000d5800000,0x00000000d5838000,0x00000000d5900000)
  to   space 512K, 0% used [0x00000000d5900000,0x00000000d5900000,0x00000000d5980000)
 ParOldGen       total 465920K, used 465782K [0x0000000080000000, 0x000000009c700000, 0x00000000d5580000)
  object space 465920K, 99% used [0x0000000080000000,0x000000009c6dd9a0,0x000000009c700000)
 Metaspace       used 81176K, committed 82944K, reserved 1179648K
  class space    used 9663K, committed 10432K, reserved 1048576K
}
Event: 28.931 GC heap after
{Heap after GC invocations=503 (full 3):
 PSYoungGen      total 3072K, used 416K [0x00000000d5580000, 0x00000000d5980000, 0x0000000100000000)
  eden space 2560K, 0% used [0x00000000d5580000,0x00000000d5580000,0x00000000d5800000)
  from space 512K, 81% used [0x00000000d5900000,0x00000000d5968000,0x00000000d5980000)
  to   space 512K, 0% used [0x00000000d5880000,0x00000000d5880000,0x00000000d5900000)
 ParOldGen       total 465920K, used 465902K [0x0000000080000000, 0x000000009c700000, 0x00000000d5580000)
  object space 465920K, 99% used [0x0000000080000000,0x000000009c6fb9a0,0x000000009c700000)
 Metaspace       used 81176K, committed 82944K, reserved 1179648K
  class space    used 9663K, committed 10432K, reserved 1048576K
}
Event: 28.940 GC heap before
{Heap before GC invocations=504 (full 3):
 PSYoungGen      total 3072K, used 2976K [0x00000000d5580000, 0x00000000d5980000, 0x0000000100000000)
  eden space 2560K, 100% used [0x00000000d5580000,0x00000000d5800000,0x00000000d5800000)
  from space 512K, 81% used [0x00000000d5900000,0x00000000d5968000,0x00000000d5980000)
  to   space 512K, 0% used [0x00000000d5880000,0x00000000d5880000,0x00000000d5900000)
 ParOldGen       total 465920K, used 465902K [0x0000000080000000, 0x000000009c700000, 0x00000000d5580000)
  object space 465920K, 99% used [0x0000000080000000,0x000000009c6fb9a0,0x000000009c700000)
 Metaspace       used 81176K, committed 82944K, reserved 1179648K
  class space    used 9663K, committed 10432K, reserved 1048576K
}
Event: 28.942 GC heap after
{Heap after GC invocations=504 (full 3):
 PSYoungGen      total 3072K, used 507K [0x00000000d5580000, 0x00000000d5a00000, 0x0000000100000000)
  eden space 2560K, 0% used [0x00000000d5580000,0x00000000d5580000,0x00000000d5800000)
  from space 512K, 99% used [0x00000000d5880000,0x00000000d58fec08,0x00000000d5900000)
  to   space 1024K, 0% used [0x00000000d5900000,0x00000000d5900000,0x00000000d5a00000)
 ParOldGen       total 466432K, used 466222K [0x0000000080000000, 0x000000009c780000, 0x00000000d5580000)
  object space 466432K, 99% used [0x0000000080000000,0x000000009c74b9a0,0x000000009c780000)
 Metaspace       used 81176K, committed 82944K, reserved 1179648K
  class space    used 9663K, committed 10432K, reserved 1048576K
}

